<?xml version="1.0" encoding="UTF-8"?>
<robot generator="Robot 7.3.2 (Python 3.12.7 on win32)" generated="2026-03-04T17:13:45.031885" rpa="false" schemaversion="5">
<suite id="s1" name="RF Project" source="c:\Users\hp\OneDrive\Desktop\RPAProject\RF_Project.robot">
<test id="s1-t1" name="Read CSV file to list" line="142">
<kw name="Get File" owner="OperatingSystem">
<msg time="2026-03-04T17:13:45.186153" level="INFO" html="true">Getting file '&lt;a href="file://C:\Users\hp\OneDrive\Desktop\RPAProject\invoiceHeader.csv"&gt;C:\Users\hp\OneDrive\Desktop\RPAProject\invoiceHeader.csv&lt;/a&gt;'.</msg>
<msg time="2026-03-04T17:13:45.186153" level="INFO">${outputHeader} = ﻿InvoiceNumber,CompanyName,ReerenceNumber,InvoiceDate,DueDate,CompanyCode,BankAccountNumber,AmountExcludingVAT,VATAmount,TotalAmount
143143,Service Provider Oy,1431432,15.12.2022,07.04.2021,1234567-8,...</msg>
<var>${outputHeader}</var>
<arg>${PATH}invoiceHeader.csv</arg>
<doc>Returns the contents of a specified file.</doc>
<status status="PASS" start="2026-03-04T17:13:45.186153" elapsed="0.010252"/>
</kw>
<kw name="Get File" owner="OperatingSystem">
<msg time="2026-03-04T17:13:45.197563" level="INFO" html="true">Getting file '&lt;a href="file://C:\Users\hp\OneDrive\Desktop\RPAProject\dt_invoiceRow.csv"&gt;C:\Users\hp\OneDrive\Desktop\RPAProject\dt_invoiceRow.csv&lt;/a&gt;'.</msg>
<msg time="2026-03-04T17:13:45.197563" level="INFO">${outputRows} = ﻿Description,Quantity ,Unit,UnitPrice,VATPercent,VAT,Total,InvoiceNumber,RowNumber
Installation Services,5,h,60,24,72,372,143143,1
Replacement Products,10,kpl,105,24,252,1302,143143,2
Keyboard Logitec...</msg>
<var>${outputRows}</var>
<arg>${PATH}dt_invoiceRow.csv</arg>
<doc>Returns the contents of a specified file.</doc>
<status status="PASS" start="2026-03-04T17:13:45.196405" elapsed="0.001158"/>
</kw>
<kw name="Split String" owner="String">
<msg time="2026-03-04T17:13:45.201483" level="INFO">@{headers} = [ ﻿InvoiceNumber,CompanyName,ReerenceNumber,InvoiceDate,DueDate,CompanyCode,BankAccountNumber,AmountExcludingVAT,VATAmount,TotalAmount | 143143,Service Provider Oy,1431432,15.12.2022,07.04.2021,123456...</msg>
<var>@{headers}</var>
<arg>${outputHeader}</arg>
<arg>\n</arg>
<doc>Splits the ``string`` using ``separator`` as a delimiter string.</doc>
<status status="PASS" start="2026-03-04T17:13:45.201483" elapsed="0.000000"/>
</kw>
<kw name="Split String" owner="String">
<msg time="2026-03-04T17:13:45.203880" level="INFO">@{rows} = [ ﻿Description,Quantity ,Unit,UnitPrice,VATPercent,VAT,Total,InvoiceNumber,RowNumber | Installation Services,5,h,60,24,72,372,143143,1 | Replacement Products,10,kpl,105,24,252,1302,143143,2 | Keyboard...</msg>
<var>@{rows}</var>
<arg>${outputRows}</arg>
<arg>\n</arg>
<doc>Splits the ``string`` using ``separator`` as a delimiter string.</doc>
<status status="PASS" start="2026-03-04T17:13:45.203880" elapsed="0.000000"/>
</kw>
<kw name="Remove From List" owner="Collections">
<arg>${headers}</arg>
<arg>0</arg>
<doc>Removes and returns the value specified with an ``index`` from ``list``.</doc>
<status status="PASS" start="2026-03-04T17:13:45.203880" elapsed="0.000000"/>
</kw>
<kw name="Remove From List" owner="Collections">
<arg>${rows}</arg>
<arg>0</arg>
<doc>Removes and returns the value specified with an ``index`` from ``list``.</doc>
<status status="PASS" start="2026-03-04T17:13:45.203880" elapsed="0.004270"/>
</kw>
<kw name="Evaluate" owner="BuiltIn">
<msg time="2026-03-04T17:13:45.209785" level="INFO">${headers} = ['143143,Service Provider Oy,1431432,15.12.2022,07.04.2021,1234567-8,FI12 3456 7890 1234 56,1350,324,1674', '1543235,Component Oy,15432359, 01.10.2022,15.10.2022,1234567-9,FI05 1234 5600 7891 01,465,1...</msg>
<var>${headers}</var>
<arg>[h.strip() for h in $headers if h.strip()]</arg>
<doc>Evaluates the given expression in Python and returns the result.</doc>
<status status="PASS" start="2026-03-04T17:13:45.209785" elapsed="0.000000"/>
</kw>
<kw name="Evaluate" owner="BuiltIn">
<msg time="2026-03-04T17:13:45.211685" level="INFO">${rows} = ['Installation Services,5,h,60,24,72,372,143143,1', 'Replacement Products,10,kpl,105,24,252,1302,143143,2', 'Keyboard Logitech,10,kpl,40,24,96,496,1543235,1', 'Brother printer,1,kpl,65,24,15.6,80.6,15...</msg>
<var>${rows}</var>
<arg>[r.strip() for r in $rows if r.strip()]</arg>
<doc>Evaluates the given expression in Python and returns the result.</doc>
<status status="PASS" start="2026-03-04T17:13:45.211685" elapsed="0.001471"/>
</kw>
<kw name="Set Global Variable" owner="BuiltIn">
<msg time="2026-03-04T17:13:45.214243" level="INFO">${headers} = ['143143,Service Provider Oy,1431432,15.12.2022,07.04.2021,1234567-8,FI12 3456 7890 1234 56,1350,324,1674', '1543235,Component Oy,15432359, 01.10.2022,15.10.2022,1234567-9,FI05 1234 5600 7891 01,465,1...</msg>
<arg>${headers}</arg>
<doc>Makes a variable available globally in all tests and suites.</doc>
<status status="PASS" start="2026-03-04T17:13:45.214243" elapsed="0.000000"/>
</kw>
<kw name="Set Global Variable" owner="BuiltIn">
<msg time="2026-03-04T17:13:45.216770" level="INFO">${rows} = ['Installation Services,5,h,60,24,72,372,143143,1', 'Replacement Products,10,kpl,105,24,252,1302,143143,2', 'Keyboard Logitech,10,kpl,40,24,96,496,1543235,1', 'Brother printer,1,kpl,65,24,15.6,80.6,15...</msg>
<arg>${rows}</arg>
<doc>Makes a variable available globally in all tests and suites.</doc>
<status status="PASS" start="2026-03-04T17:13:45.216270" elapsed="0.000500"/>
</kw>
<status status="PASS" start="2026-03-04T17:13:45.183720" elapsed="0.034498"/>
</test>
<test id="s1-t2" name="Initialize Database" line="159">
<kw name="Make Connection">
<kw name="Connect To Database" owner="DatabaseLibrary">
<msg time="2026-03-04T17:13:45.223283" level="INFO">Looking for configuration file: 'resources\db.cfg'</msg>
<msg time="2026-03-04T17:13:45.223283" level="INFO">Configuration file doesn't exist</msg>
<msg time="2026-03-04T17:13:45.343707" level="INFO">Connect to DB using : pymysql.connect(db='rpacourse', user='robot', passwd=***, host='localhost', port=3306, charset='utf8mb4')</msg>
<arg>db_module=pymysql</arg>
<arg>db_name=${dbtoconnect}</arg>
<arg>db_user=${dbuser}</arg>
<arg>db_password=${dbpass}</arg>
<arg>db_host=${dbhost}</arg>
<arg>db_port=${dbport}</arg>
<doc>Creates a database connection using the DB API 2.0 ``db_module`` and the parameters provided.
Along with listed commonly used arguments (`db_name`, `db_host` etc.)
you can set any other DB module specific parameters as key/value pairs.</doc>
<status status="PASS" start="2026-03-04T17:13:45.223283" elapsed="0.168331"/>
</kw>
<arg>${dbname}</arg>
<status status="PASS" start="2026-03-04T17:13:45.220698" elapsed="0.172927"/>
</kw>
<kw name="Ensure Invoice Status Exists">
<kw name="Query" owner="DatabaseLibrary">
<msg time="2026-03-04T17:13:45.394595" level="INFO" html="true">Executing sql:&lt;br&gt;&lt;code style="font-weight: bold;"&gt;SELECT COUNT(*) FROM invoicestatus;&lt;/code&gt;</msg>
<msg time="2026-03-04T17:13:45.398767" level="INFO">Commit the transaction</msg>
<msg time="2026-03-04T17:13:45.400186" level="INFO" html="true">&lt;div style="max-width: 100%; overflow-x: auto;"&gt;&lt;table style="width: auto; border-collapse: collapse; border: 2px solid rgb(140 140 140)"&gt;&lt;caption style="text-align: left; font-weight: bold; padding: 5px;"&gt;Query returned 1 rows&lt;/caption&gt;&lt;tr&gt;&lt;th scope="col" style="color:black; background-color: #d6ecd4; border: 1px solid rgb(160 160 160);padding: 8px 10px;text-align: center;"&gt;Row&lt;/th&gt;&lt;th scope="col" style="background-color: #505050; color: #fff;border: 1px solid rgb(160 160 160);padding: 8px 10px;text-align: center;"&gt;COUNT(*)&lt;/th&gt;&lt;/tr&gt;&lt;tr style="background-color: var(--secondary-color, #eee)"&gt;&lt;th scope="row" style="color:black; background-color: #d6ecd4;border: 1px solid rgb(160 160 160);padding: 8px 10px;text-align: center;"&gt;0&lt;/th&gt;&lt;td style="border: 1px solid rgb(160 160 160);padding: 8px 10px;text-align: center;"&gt;0&lt;/td&gt;&lt;/tr&gt;&lt;/table&gt;&lt;/div&gt;</msg>
<msg time="2026-03-04T17:13:45.401771" level="INFO">${count} = ((0,),)</msg>
<var>${count}</var>
<arg>SELECT COUNT(*) FROM invoicestatus;</arg>
<doc>Runs a query with the ``select_statement`` and returns the result as list of rows.
The type of row values depends on the database module -
usually they are tuples or tuple-like objects.</doc>
<status status="PASS" start="2026-03-04T17:13:45.394595" elapsed="0.007176"/>
</kw>
<kw name="Convert To Integer" owner="BuiltIn">
<msg time="2026-03-04T17:13:45.401771" level="INFO">${count} = 0</msg>
<var>${count}</var>
<arg>${count}[0][0]</arg>
<doc>Converts the given item to an integer number.</doc>
<status status="PASS" start="2026-03-04T17:13:45.401771" elapsed="0.000000"/>
</kw>
<if>
<branch type="IF" condition="${count} == 0">
<kw name="Execute Sql String" owner="DatabaseLibrary">
<msg time="2026-03-04T17:13:45.401771" level="INFO" html="true">Executing sql:&lt;br&gt;&lt;code style="font-weight: bold;"&gt;INSERT INTO invoicestatus (id, name) VALUES (0,'Approved');&lt;/code&gt;</msg>
<msg time="2026-03-04T17:13:45.401771" level="INFO">Commit the transaction</msg>
<arg>INSERT INTO invoicestatus (id, name) VALUES (0,'Approved');</arg>
<doc>Executes the ``sql_string`` as a single SQL command.</doc>
<status status="PASS" start="2026-03-04T17:13:45.401771" elapsed="0.004978"/>
</kw>
<kw name="Execute Sql String" owner="DatabaseLibrary">
<msg time="2026-03-04T17:13:45.406749" level="INFO" html="true">Executing sql:&lt;br&gt;&lt;code style="font-weight: bold;"&gt;INSERT INTO invoicestatus (id, name) VALUES (1,'Reference Error');&lt;/code&gt;</msg>
<msg time="2026-03-04T17:13:45.408807" level="INFO">Commit the transaction</msg>
<arg>INSERT INTO invoicestatus (id, name) VALUES (1,'Reference Error');</arg>
<doc>Executes the ``sql_string`` as a single SQL command.</doc>
<status status="PASS" start="2026-03-04T17:13:45.406749" elapsed="0.004403"/>
</kw>
<kw name="Execute Sql String" owner="DatabaseLibrary">
<msg time="2026-03-04T17:13:45.411152" level="INFO" html="true">Executing sql:&lt;br&gt;&lt;code style="font-weight: bold;"&gt;INSERT INTO invoicestatus (id, name) VALUES (2,'IBAN Error');&lt;/code&gt;</msg>
<msg time="2026-03-04T17:13:45.411152" level="INFO">Commit the transaction</msg>
<arg>INSERT INTO invoicestatus (id, name) VALUES (2,'IBAN Error');</arg>
<doc>Executes the ``sql_string`` as a single SQL command.</doc>
<status status="PASS" start="2026-03-04T17:13:45.411152" elapsed="0.002402"/>
</kw>
<kw name="Execute Sql String" owner="DatabaseLibrary">
<msg time="2026-03-04T17:13:45.415572" level="INFO" html="true">Executing sql:&lt;br&gt;&lt;code style="font-weight: bold;"&gt;INSERT INTO invoicestatus (id, name) VALUES (3,'Amount Mismatch');&lt;/code&gt;</msg>
<msg time="2026-03-04T17:13:45.415572" level="INFO">Commit the transaction</msg>
<arg>INSERT INTO invoicestatus (id, name) VALUES (3,'Amount Mismatch');</arg>
<doc>Executes the ``sql_string`` as a single SQL command.</doc>
<status status="PASS" start="2026-03-04T17:13:45.413554" elapsed="0.005071"/>
</kw>
<status status="PASS" start="2026-03-04T17:13:45.401771" elapsed="0.016854"/>
</branch>
<status status="PASS" start="2026-03-04T17:13:45.401771" elapsed="0.016854"/>
</if>
<status status="PASS" start="2026-03-04T17:13:45.394595" elapsed="0.024030"/>
</kw>
<kw name="Disconnect From Database" owner="DatabaseLibrary">
<doc>Disconnects from the database.</doc>
<status status="PASS" start="2026-03-04T17:13:45.419885" elapsed="0.001418"/>
</kw>
<status status="PASS" start="2026-03-04T17:13:45.220698" elapsed="0.200605"/>
</test>
<test id="s1-t3" name="Loop all invoicerows" line="164">
<kw name="Make Connection">
<kw name="Connect To Database" owner="DatabaseLibrary">
<msg time="2026-03-04T17:13:45.425986" level="INFO">Looking for configuration file: 'resources\db.cfg'</msg>
<msg time="2026-03-04T17:13:45.425986" level="INFO">Configuration file doesn't exist</msg>
<msg time="2026-03-04T17:13:45.427237" level="INFO">Connect to DB using : pymysql.connect(db='rpacourse', user='robot', passwd=***, host='localhost', port=3306, charset='utf8mb4')</msg>
<arg>db_module=pymysql</arg>
<arg>db_name=${dbtoconnect}</arg>
<arg>db_user=${dbuser}</arg>
<arg>db_password=${dbpass}</arg>
<arg>db_host=${dbhost}</arg>
<arg>db_port=${dbport}</arg>
<doc>Creates a database connection using the DB API 2.0 ``db_module`` and the parameters provided.
Along with listed commonly used arguments (`db_name`, `db_host` etc.)
you can set any other DB module specific parameters as key/value pairs.</doc>
<status status="PASS" start="2026-03-04T17:13:45.423315" elapsed="0.008112"/>
</kw>
<arg>${dbname}</arg>
<status status="PASS" start="2026-03-04T17:13:45.423315" elapsed="0.008112"/>
</kw>
<for flavor="IN">
<iter>
<kw name="Continue For Loop If" owner="BuiltIn">
<arg>'${element}' == ''</arg>
<doc>Skips the current FOR loop iteration if the ``condition`` is true.</doc>
<status status="PASS" start="2026-03-04T17:13:45.431427" elapsed="0.002770"/>
</kw>
<kw name="Strip String" owner="String">
<msg time="2026-03-04T17:13:45.434197" level="INFO">${element} = Installation Services,5,h,60,24,72,372,143143,1</msg>
<var>${element}</var>
<arg>${element}</arg>
<doc>Remove leading and/or trailing whitespaces from the given string.</doc>
<status status="PASS" start="2026-03-04T17:13:45.434197" elapsed="0.000000"/>
</kw>
<kw name="Split String" owner="String">
<msg time="2026-03-04T17:13:45.434197" level="INFO">@{items} = [ Installation Services | 5 | h | 60 | 24 | 72 | 372 | 143143 | 1 ]</msg>
<var>@{items}</var>
<arg>${element}</arg>
<arg>,</arg>
<doc>Splits the ``string`` using ``separator`` as a delimiter string.</doc>
<status status="PASS" start="2026-03-04T17:13:45.434197" elapsed="0.000000"/>
</kw>
<kw name="Create List" owner="BuiltIn">
<msg time="2026-03-04T17:13:45.434197" level="INFO">@{cleanItems} = [ ]</msg>
<var>@{cleanItems}</var>
<doc>Returns a list containing given items.</doc>
<status status="PASS" start="2026-03-04T17:13:45.434197" elapsed="0.000000"/>
</kw>
<for flavor="IN">
<iter>
<kw name="Strip String" owner="String">
<msg time="2026-03-04T17:13:45.438449" level="INFO">${item} = Installation Services</msg>
<var>${item}</var>
<arg>${item}</arg>
<doc>Remove leading and/or trailing whitespaces from the given string.</doc>
<status status="PASS" start="2026-03-04T17:13:45.438449" elapsed="0.000000"/>
</kw>
<kw name="Append To List" owner="Collections">
<arg>${cleanItems}</arg>
<arg>${item}</arg>
<doc>Adds ``values`` to the end of ``list``.</doc>
<status status="PASS" start="2026-03-04T17:13:45.438449" elapsed="0.001577"/>
</kw>
<var name="${item}">Installation Services</var>
<status status="PASS" start="2026-03-04T17:13:45.437192" elapsed="0.002834"/>
</iter>
<iter>
<kw name="Strip String" owner="String">
<msg time="2026-03-04T17:13:45.440026" level="INFO">${item} = 5</msg>
<var>${item}</var>
<arg>${item}</arg>
<doc>Remove leading and/or trailing whitespaces from the given string.</doc>
<status status="PASS" start="2026-03-04T17:13:45.440026" elapsed="0.000000"/>
</kw>
<kw name="Append To List" owner="Collections">
<arg>${cleanItems}</arg>
<arg>${item}</arg>
<doc>Adds ``values`` to the end of ``list``.</doc>
<status status="PASS" start="2026-03-04T17:13:45.440026" elapsed="0.000000"/>
</kw>
<var name="${item}">5</var>
<status status="PASS" start="2026-03-04T17:13:45.440026" elapsed="0.000000"/>
</iter>
<iter>
<kw name="Strip String" owner="String">
<msg time="2026-03-04T17:13:45.442548" level="INFO">${item} = h</msg>
<var>${item}</var>
<arg>${item}</arg>
<doc>Remove leading and/or trailing whitespaces from the given string.</doc>
<status status="PASS" start="2026-03-04T17:13:45.442548" elapsed="0.000000"/>
</kw>
<kw name="Append To List" owner="Collections">
<arg>${cleanItems}</arg>
<arg>${item}</arg>
<doc>Adds ``values`` to the end of ``list``.</doc>
<status status="PASS" start="2026-03-04T17:13:45.443679" elapsed="0.000000"/>
</kw>
<var name="${item}">h</var>
<status status="PASS" start="2026-03-04T17:13:45.442548" elapsed="0.001131"/>
</iter>
<iter>
<kw name="Strip String" owner="String">
<msg time="2026-03-04T17:13:45.443679" level="INFO">${item} = 60</msg>
<var>${item}</var>
<arg>${item}</arg>
<doc>Remove leading and/or trailing whitespaces from the given string.</doc>
<status status="PASS" start="2026-03-04T17:13:45.443679" elapsed="0.000000"/>
</kw>
<kw name="Append To List" owner="Collections">
<arg>${cleanItems}</arg>
<arg>${item}</arg>
<doc>Adds ``values`` to the end of ``list``.</doc>
<status status="PASS" start="2026-03-04T17:13:45.446108" elapsed="0.000509"/>
</kw>
<var name="${item}">60</var>
<status status="PASS" start="2026-03-04T17:13:45.443679" elapsed="0.002938"/>
</iter>
<iter>
<kw name="Strip String" owner="String">
<msg time="2026-03-04T17:13:45.446617" level="INFO">${item} = 24</msg>
<var>${item}</var>
<arg>${item}</arg>
<doc>Remove leading and/or trailing whitespaces from the given string.</doc>
<status status="PASS" start="2026-03-04T17:13:45.446617" elapsed="0.000000"/>
</kw>
<kw name="Append To List" owner="Collections">
<arg>${cleanItems}</arg>
<arg>${item}</arg>
<doc>Adds ``values`` to the end of ``list``.</doc>
<status status="PASS" start="2026-03-04T17:13:45.446617" elapsed="0.001747"/>
</kw>
<var name="${item}">24</var>
<status status="PASS" start="2026-03-04T17:13:45.446617" elapsed="0.001747"/>
</iter>
<iter>
<kw name="Strip String" owner="String">
<msg time="2026-03-04T17:13:45.448364" level="INFO">${item} = 72</msg>
<var>${item}</var>
<arg>${item}</arg>
<doc>Remove leading and/or trailing whitespaces from the given string.</doc>
<status status="PASS" start="2026-03-04T17:13:45.448364" elapsed="0.000000"/>
</kw>
<kw name="Append To List" owner="Collections">
<arg>${cleanItems}</arg>
<arg>${item}</arg>
<doc>Adds ``values`` to the end of ``list``.</doc>
<status status="PASS" start="2026-03-04T17:13:45.448364" elapsed="0.000000"/>
</kw>
<var name="${item}">72</var>
<status status="PASS" start="2026-03-04T17:13:45.448364" elapsed="0.000000"/>
</iter>
<iter>
<kw name="Strip String" owner="String">
<msg time="2026-03-04T17:13:45.448364" level="INFO">${item} = 372</msg>
<var>${item}</var>
<arg>${item}</arg>
<doc>Remove leading and/or trailing whitespaces from the given string.</doc>
<status status="PASS" start="2026-03-04T17:13:45.448364" elapsed="0.000000"/>
</kw>
<kw name="Append To List" owner="Collections">
<arg>${cleanItems}</arg>
<arg>${item}</arg>
<doc>Adds ``values`` to the end of ``list``.</doc>
<status status="PASS" start="2026-03-04T17:13:45.448364" elapsed="0.000000"/>
</kw>
<var name="${item}">372</var>
<status status="PASS" start="2026-03-04T17:13:45.448364" elapsed="0.000000"/>
</iter>
<iter>
<kw name="Strip String" owner="String">
<msg time="2026-03-04T17:13:45.448364" level="INFO">${item} = 143143</msg>
<var>${item}</var>
<arg>${item}</arg>
<doc>Remove leading and/or trailing whitespaces from the given string.</doc>
<status status="PASS" start="2026-03-04T17:13:45.448364" elapsed="0.000000"/>
</kw>
<kw name="Append To List" owner="Collections">
<arg>${cleanItems}</arg>
<arg>${item}</arg>
<doc>Adds ``values`` to the end of ``list``.</doc>
<status status="PASS" start="2026-03-04T17:13:45.448364" elapsed="0.000000"/>
</kw>
<var name="${item}">143143</var>
<status status="PASS" start="2026-03-04T17:13:45.448364" elapsed="0.000000"/>
</iter>
<iter>
<kw name="Strip String" owner="String">
<msg time="2026-03-04T17:13:45.448364" level="INFO">${item} = 1</msg>
<var>${item}</var>
<arg>${item}</arg>
<doc>Remove leading and/or trailing whitespaces from the given string.</doc>
<status status="PASS" start="2026-03-04T17:13:45.448364" elapsed="0.000000"/>
</kw>
<kw name="Append To List" owner="Collections">
<arg>${cleanItems}</arg>
<arg>${item}</arg>
<doc>Adds ``values`` to the end of ``list``.</doc>
<status status="PASS" start="2026-03-04T17:13:45.448364" elapsed="0.000000"/>
</kw>
<var name="${item}">1</var>
<status status="PASS" start="2026-03-04T17:13:45.448364" elapsed="0.005591"/>
</iter>
<var>${item}</var>
<value>@{items}</value>
<status status="PASS" start="2026-03-04T17:13:45.434197" elapsed="0.019758"/>
</for>
<kw name="Set Variable" owner="BuiltIn">
<msg time="2026-03-04T17:13:45.454600" level="INFO">${rowInvoiceNumber} = 143143</msg>
<var>${rowInvoiceNumber}</var>
<arg>${cleanItems[7]}</arg>
<doc>Returns the given values which can then be assigned to a variables.</doc>
<status status="PASS" start="2026-03-04T17:13:45.454600" elapsed="0.000000"/>
</kw>
<if>
<branch type="IF" condition="'${rowInvoiceNumber}' == '${InvoiceNumber}'">
<kw name="Add Row Data to List">
<arg>${cleanItems}</arg>
<status status="NOT RUN" start="2026-03-04T17:13:45.456659" elapsed="0.000000"/>
</kw>
<status status="NOT RUN" start="2026-03-04T17:13:45.456327" elapsed="0.000332"/>
</branch>
<branch type="ELSE">
<kw name="Get Length" owner="BuiltIn">
<msg time="2026-03-04T17:13:45.458797" level="INFO">Length is 0.</msg>
<msg time="2026-03-04T17:13:45.458797" level="INFO">${length} = 0</msg>
<var>${length}</var>
<arg>${ListToDB}</arg>
<doc>Returns and logs the length of the given item as an integer.</doc>
<status status="PASS" start="2026-03-04T17:13:45.456659" elapsed="0.002138"/>
</kw>
<if>
<branch type="IF" condition="${length} &gt; 0">
<for flavor="IN">
<iter>
<kw name="Strip String" owner="String">
<var>${headerElement}</var>
<arg>${headerElement}</arg>
<doc>Remove leading and/or trailing whitespaces from the given string.</doc>
<status status="NOT RUN" start="2026-03-04T17:13:45.460243" elapsed="0.000000"/>
</kw>
<kw name="Split String" owner="String">
<var>@{headerItems}</var>
<arg>${headerElement}</arg>
<arg>,</arg>
<doc>Splits the ``string`` using ``separator`` as a delimiter string.</doc>
<status status="NOT RUN" start="2026-03-04T17:13:45.460243" elapsed="0.000000"/>
</kw>
<kw name="Create List" owner="BuiltIn">
<var>@{cleanHeaderItems}</var>
<doc>Returns a list containing given items.</doc>
<status status="NOT RUN" start="2026-03-04T17:13:45.461425" elapsed="0.000000"/>
</kw>
<for flavor="IN">
<iter>
<kw name="Strip String" owner="String">
<var>${hitem}</var>
<arg>${hitem}</arg>
<doc>Remove leading and/or trailing whitespaces from the given string.</doc>
<status status="NOT RUN" start="2026-03-04T17:13:45.461425" elapsed="0.000000"/>
</kw>
<kw name="Append To List" owner="Collections">
<arg>${cleanHeaderItems}</arg>
<arg>${hitem}</arg>
<doc>Adds ``values`` to the end of ``list``.</doc>
<status status="NOT RUN" start="2026-03-04T17:13:45.461425" elapsed="0.000000"/>
</kw>
<var name="${hitem}"/>
<status status="NOT RUN" start="2026-03-04T17:13:45.461425" elapsed="0.000000"/>
</iter>
<var>${hitem}</var>
<value>@{headerItems}</value>
<status status="NOT RUN" start="2026-03-04T17:13:45.461425" elapsed="0.000000"/>
</for>
<if>
<branch type="IF" condition="'${cleanHeaderItems[0]}' == '${InvoiceNumber}'">
<kw name="Add Invoice Header To DB">
<arg>${cleanHeaderItems}</arg>
<arg>${ListToDB}</arg>
<status status="NOT RUN" start="2026-03-04T17:13:45.461425" elapsed="0.000000"/>
</kw>
<for flavor="IN">
<iter>
<kw name="Add Invoice Row To DB">
<arg>${rowElement}</arg>
<status status="NOT RUN" start="2026-03-04T17:13:45.464059" elapsed="0.000000"/>
</kw>
<var name="${rowElement}"/>
<status status="NOT RUN" start="2026-03-04T17:13:45.464059" elapsed="0.000720"/>
</iter>
<var>${rowElement}</var>
<value>@{ListToDB}</value>
<status status="NOT RUN" start="2026-03-04T17:13:45.464059" elapsed="0.000720"/>
</for>
<status status="NOT RUN" start="2026-03-04T17:13:45.461425" elapsed="0.003354"/>
</branch>
<status status="NOT RUN" start="2026-03-04T17:13:45.461425" elapsed="0.003354"/>
</if>
<var name="${headerElement}"/>
<status status="NOT RUN" start="2026-03-04T17:13:45.460243" elapsed="0.004536"/>
</iter>
<var>${headerElement}</var>
<value>@{headers}</value>
<status status="NOT RUN" start="2026-03-04T17:13:45.458797" elapsed="0.005982"/>
</for>
<status status="NOT RUN" start="2026-03-04T17:13:45.458797" elapsed="0.005982"/>
</branch>
<status status="PASS" start="2026-03-04T17:13:45.458797" elapsed="0.005982"/>
</if>
<kw name="Create List" owner="BuiltIn">
<msg time="2026-03-04T17:13:45.464779" level="INFO">@{ListToDB} = [ ]</msg>
<var>@{ListToDB}</var>
<doc>Returns a list containing given items.</doc>
<status status="PASS" start="2026-03-04T17:13:45.464779" elapsed="0.000000"/>
</kw>
<kw name="Set Global Variable" owner="BuiltIn">
<msg time="2026-03-04T17:13:45.466717" level="INFO">${ListToDB} = []</msg>
<arg>${ListToDB}</arg>
<doc>Makes a variable available globally in all tests and suites.</doc>
<status status="PASS" start="2026-03-04T17:13:45.466717" elapsed="0.000000"/>
</kw>
<kw name="Set Variable" owner="BuiltIn">
<msg time="2026-03-04T17:13:45.466717" level="INFO">${InvoiceNumber} = 143143</msg>
<var>${InvoiceNumber}</var>
<arg>${rowInvoiceNumber}</arg>
<doc>Returns the given values which can then be assigned to a variables.</doc>
<status status="PASS" start="2026-03-04T17:13:45.466717" elapsed="0.000000"/>
</kw>
<kw name="Set Global Variable" owner="BuiltIn">
<msg time="2026-03-04T17:13:45.466717" level="INFO">${InvoiceNumber} = 143143</msg>
<arg>${InvoiceNumber}</arg>
<doc>Makes a variable available globally in all tests and suites.</doc>
<status status="PASS" start="2026-03-04T17:13:45.466717" elapsed="0.000000"/>
</kw>
<kw name="Add Row Data to List">
<kw name="Create List" owner="BuiltIn">
<msg time="2026-03-04T17:13:45.468876" level="INFO">@{AddInvoiceRowData} = [ ]</msg>
<var>@{AddInvoiceRowData}</var>
<doc>Returns a list containing given items.</doc>
<status status="PASS" start="2026-03-04T17:13:45.468876" elapsed="0.000000"/>
</kw>
<kw name="Append To List" owner="Collections">
<arg>${AddInvoiceRowData}</arg>
<arg>${InvoiceNumber}</arg>
<doc>Adds ``values`` to the end of ``list``.</doc>
<status status="PASS" start="2026-03-04T17:13:45.468876" elapsed="0.000000"/>
</kw>
<kw name="Append To List" owner="Collections">
<arg>${AddInvoiceRowData}</arg>
<arg>${items[8]}</arg>
<doc>Adds ``values`` to the end of ``list``.</doc>
<status status="PASS" start="2026-03-04T17:13:45.468876" elapsed="0.000000"/>
</kw>
<kw name="Append To List" owner="Collections">
<arg>${AddInvoiceRowData}</arg>
<arg>${items[0]}</arg>
<doc>Adds ``values`` to the end of ``list``.</doc>
<status status="PASS" start="2026-03-04T17:13:45.468876" elapsed="0.000000"/>
</kw>
<kw name="Append To List" owner="Collections">
<arg>${AddInvoiceRowData}</arg>
<arg>${items[1]}</arg>
<doc>Adds ``values`` to the end of ``list``.</doc>
<status status="PASS" start="2026-03-04T17:13:45.468876" elapsed="0.000000"/>
</kw>
<kw name="Append To List" owner="Collections">
<arg>${AddInvoiceRowData}</arg>
<arg>${items[2]}</arg>
<doc>Adds ``values`` to the end of ``list``.</doc>
<status status="PASS" start="2026-03-04T17:13:45.468876" elapsed="0.000000"/>
</kw>
<kw name="Append To List" owner="Collections">
<arg>${AddInvoiceRowData}</arg>
<arg>${items[3]}</arg>
<doc>Adds ``values`` to the end of ``list``.</doc>
<status status="PASS" start="2026-03-04T17:13:45.468876" elapsed="0.005336"/>
</kw>
<kw name="Append To List" owner="Collections">
<arg>${AddInvoiceRowData}</arg>
<arg>${items[4]}</arg>
<doc>Adds ``values`` to the end of ``list``.</doc>
<status status="PASS" start="2026-03-04T17:13:45.474212" elapsed="0.001051"/>
</kw>
<kw name="Append To List" owner="Collections">
<arg>${AddInvoiceRowData}</arg>
<arg>${items[5]}</arg>
<doc>Adds ``values`` to the end of ``list``.</doc>
<status status="PASS" start="2026-03-04T17:13:45.475263" elapsed="0.000000"/>
</kw>
<kw name="Append To List" owner="Collections">
<arg>${AddInvoiceRowData}</arg>
<arg>${items[6]}</arg>
<doc>Adds ``values`` to the end of ``list``.</doc>
<status status="PASS" start="2026-03-04T17:13:45.475263" elapsed="0.002012"/>
</kw>
<kw name="Append To List" owner="Collections">
<arg>${ListToDB}</arg>
<arg>${AddInvoiceRowData}</arg>
<doc>Adds ``values`` to the end of ``list``.</doc>
<status status="PASS" start="2026-03-04T17:13:45.477275" elapsed="0.000000"/>
</kw>
<arg>${cleanItems}</arg>
<status status="PASS" start="2026-03-04T17:13:45.466717" elapsed="0.010558"/>
</kw>
<status status="PASS" start="2026-03-04T17:13:45.456659" elapsed="0.020616"/>
</branch>
<status status="PASS" start="2026-03-04T17:13:45.456327" elapsed="0.020948"/>
</if>
<var name="${element}">Installation Services,5,h,60,24,72,372,143143,1</var>
<status status="PASS" start="2026-03-04T17:13:45.431427" elapsed="0.045848"/>
</iter>
<iter>
<kw name="Continue For Loop If" owner="BuiltIn">
<arg>'${element}' == ''</arg>
<doc>Skips the current FOR loop iteration if the ``condition`` is true.</doc>
<status status="PASS" start="2026-03-04T17:13:45.477275" elapsed="0.002007"/>
</kw>
<kw name="Strip String" owner="String">
<msg time="2026-03-04T17:13:45.479282" level="INFO">${element} = Replacement Products,10,kpl,105,24,252,1302,143143,2</msg>
<var>${element}</var>
<arg>${element}</arg>
<doc>Remove leading and/or trailing whitespaces from the given string.</doc>
<status status="PASS" start="2026-03-04T17:13:45.479282" elapsed="0.000000"/>
</kw>
<kw name="Split String" owner="String">
<msg time="2026-03-04T17:13:45.479282" level="INFO">@{items} = [ Replacement Products | 10 | kpl | 105 | 24 | 252 | 1302 | 143143 | 2 ]</msg>
<var>@{items}</var>
<arg>${element}</arg>
<arg>,</arg>
<doc>Splits the ``string`` using ``separator`` as a delimiter string.</doc>
<status status="PASS" start="2026-03-04T17:13:45.479282" elapsed="0.002009"/>
</kw>
<kw name="Create List" owner="BuiltIn">
<msg time="2026-03-04T17:13:45.482135" level="INFO">@{cleanItems} = [ ]</msg>
<var>@{cleanItems}</var>
<doc>Returns a list containing given items.</doc>
<status status="PASS" start="2026-03-04T17:13:45.481291" elapsed="0.000844"/>
</kw>
<for flavor="IN">
<iter>
<kw name="Strip String" owner="String">
<msg time="2026-03-04T17:13:45.482135" level="INFO">${item} = Replacement Products</msg>
<var>${item}</var>
<arg>${item}</arg>
<doc>Remove leading and/or trailing whitespaces from the given string.</doc>
<status status="PASS" start="2026-03-04T17:13:45.482135" elapsed="0.000000"/>
</kw>
<kw name="Append To List" owner="Collections">
<arg>${cleanItems}</arg>
<arg>${item}</arg>
<doc>Adds ``values`` to the end of ``list``.</doc>
<status status="PASS" start="2026-03-04T17:13:45.482135" elapsed="0.000000"/>
</kw>
<var name="${item}">Replacement Products</var>
<status status="PASS" start="2026-03-04T17:13:45.482135" elapsed="0.000000"/>
</iter>
<iter>
<kw name="Strip String" owner="String">
<msg time="2026-03-04T17:13:45.484396" level="INFO">${item} = 10</msg>
<var>${item}</var>
<arg>${item}</arg>
<doc>Remove leading and/or trailing whitespaces from the given string.</doc>
<status status="PASS" start="2026-03-04T17:13:45.484396" elapsed="0.000000"/>
</kw>
<kw name="Append To List" owner="Collections">
<arg>${cleanItems}</arg>
<arg>${item}</arg>
<doc>Adds ``values`` to the end of ``list``.</doc>
<status status="PASS" start="2026-03-04T17:13:45.484396" elapsed="0.000000"/>
</kw>
<var name="${item}">10</var>
<status status="PASS" start="2026-03-04T17:13:45.484396" elapsed="0.000000"/>
</iter>
<iter>
<kw name="Strip String" owner="String">
<msg time="2026-03-04T17:13:45.484396" level="INFO">${item} = kpl</msg>
<var>${item}</var>
<arg>${item}</arg>
<doc>Remove leading and/or trailing whitespaces from the given string.</doc>
<status status="PASS" start="2026-03-04T17:13:45.484396" elapsed="0.000000"/>
</kw>
<kw name="Append To List" owner="Collections">
<arg>${cleanItems}</arg>
<arg>${item}</arg>
<doc>Adds ``values`` to the end of ``list``.</doc>
<status status="PASS" start="2026-03-04T17:13:45.484396" elapsed="0.000000"/>
</kw>
<var name="${item}">kpl</var>
<status status="PASS" start="2026-03-04T17:13:45.484396" elapsed="0.000000"/>
</iter>
<iter>
<kw name="Strip String" owner="String">
<msg time="2026-03-04T17:13:45.484396" level="INFO">${item} = 105</msg>
<var>${item}</var>
<arg>${item}</arg>
<doc>Remove leading and/or trailing whitespaces from the given string.</doc>
<status status="PASS" start="2026-03-04T17:13:45.484396" elapsed="0.000000"/>
</kw>
<kw name="Append To List" owner="Collections">
<arg>${cleanItems}</arg>
<arg>${item}</arg>
<doc>Adds ``values`` to the end of ``list``.</doc>
<status status="PASS" start="2026-03-04T17:13:45.484396" elapsed="0.000000"/>
</kw>
<var name="${item}">105</var>
<status status="PASS" start="2026-03-04T17:13:45.484396" elapsed="0.000000"/>
</iter>
<iter>
<kw name="Strip String" owner="String">
<msg time="2026-03-04T17:13:45.489996" level="INFO">${item} = 24</msg>
<var>${item}</var>
<arg>${item}</arg>
<doc>Remove leading and/or trailing whitespaces from the given string.</doc>
<status status="PASS" start="2026-03-04T17:13:45.489996" elapsed="0.000000"/>
</kw>
<kw name="Append To List" owner="Collections">
<arg>${cleanItems}</arg>
<arg>${item}</arg>
<doc>Adds ``values`` to the end of ``list``.</doc>
<status status="PASS" start="2026-03-04T17:13:45.489996" elapsed="0.000000"/>
</kw>
<var name="${item}">24</var>
<status status="PASS" start="2026-03-04T17:13:45.484396" elapsed="0.007528"/>
</iter>
<iter>
<kw name="Strip String" owner="String">
<msg time="2026-03-04T17:13:45.492492" level="INFO">${item} = 252</msg>
<var>${item}</var>
<arg>${item}</arg>
<doc>Remove leading and/or trailing whitespaces from the given string.</doc>
<status status="PASS" start="2026-03-04T17:13:45.492492" elapsed="0.000000"/>
</kw>
<kw name="Append To List" owner="Collections">
<arg>${cleanItems}</arg>
<arg>${item}</arg>
<doc>Adds ``values`` to the end of ``list``.</doc>
<status status="PASS" start="2026-03-04T17:13:45.492492" elapsed="0.000000"/>
</kw>
<var name="${item}">252</var>
<status status="PASS" start="2026-03-04T17:13:45.491924" elapsed="0.000568"/>
</iter>
<iter>
<kw name="Strip String" owner="String">
<msg time="2026-03-04T17:13:45.492492" level="INFO">${item} = 1302</msg>
<var>${item}</var>
<arg>${item}</arg>
<doc>Remove leading and/or trailing whitespaces from the given string.</doc>
<status status="PASS" start="2026-03-04T17:13:45.492492" elapsed="0.000000"/>
</kw>
<kw name="Append To List" owner="Collections">
<arg>${cleanItems}</arg>
<arg>${item}</arg>
<doc>Adds ``values`` to the end of ``list``.</doc>
<status status="PASS" start="2026-03-04T17:13:45.492492" elapsed="0.000000"/>
</kw>
<var name="${item}">1302</var>
<status status="PASS" start="2026-03-04T17:13:45.492492" elapsed="0.000000"/>
</iter>
<iter>
<kw name="Strip String" owner="String">
<msg time="2026-03-04T17:13:45.492492" level="INFO">${item} = 143143</msg>
<var>${item}</var>
<arg>${item}</arg>
<doc>Remove leading and/or trailing whitespaces from the given string.</doc>
<status status="PASS" start="2026-03-04T17:13:45.492492" elapsed="0.000000"/>
</kw>
<kw name="Append To List" owner="Collections">
<arg>${cleanItems}</arg>
<arg>${item}</arg>
<doc>Adds ``values`` to the end of ``list``.</doc>
<status status="PASS" start="2026-03-04T17:13:45.492492" elapsed="0.000000"/>
</kw>
<var name="${item}">143143</var>
<status status="PASS" start="2026-03-04T17:13:45.492492" elapsed="0.000000"/>
</iter>
<iter>
<kw name="Strip String" owner="String">
<msg time="2026-03-04T17:13:45.492492" level="INFO">${item} = 2</msg>
<var>${item}</var>
<arg>${item}</arg>
<doc>Remove leading and/or trailing whitespaces from the given string.</doc>
<status status="PASS" start="2026-03-04T17:13:45.492492" elapsed="0.000000"/>
</kw>
<kw name="Append To List" owner="Collections">
<arg>${cleanItems}</arg>
<arg>${item}</arg>
<doc>Adds ``values`` to the end of ``list``.</doc>
<status status="PASS" start="2026-03-04T17:13:45.492492" elapsed="0.000000"/>
</kw>
<var name="${item}">2</var>
<status status="PASS" start="2026-03-04T17:13:45.492492" elapsed="0.000000"/>
</iter>
<var>${item}</var>
<value>@{items}</value>
<status status="PASS" start="2026-03-04T17:13:45.482135" elapsed="0.010357"/>
</for>
<kw name="Set Variable" owner="BuiltIn">
<msg time="2026-03-04T17:13:45.492492" level="INFO">${rowInvoiceNumber} = 143143</msg>
<var>${rowInvoiceNumber}</var>
<arg>${cleanItems[7]}</arg>
<doc>Returns the given values which can then be assigned to a variables.</doc>
<status status="PASS" start="2026-03-04T17:13:45.492492" elapsed="0.000000"/>
</kw>
<if>
<branch type="IF" condition="'${rowInvoiceNumber}' == '${InvoiceNumber}'">
<kw name="Add Row Data to List">
<kw name="Create List" owner="BuiltIn">
<msg time="2026-03-04T17:13:45.492492" level="INFO">@{AddInvoiceRowData} = [ ]</msg>
<var>@{AddInvoiceRowData}</var>
<doc>Returns a list containing given items.</doc>
<status status="PASS" start="2026-03-04T17:13:45.492492" elapsed="0.000000"/>
</kw>
<kw name="Append To List" owner="Collections">
<arg>${AddInvoiceRowData}</arg>
<arg>${InvoiceNumber}</arg>
<doc>Adds ``values`` to the end of ``list``.</doc>
<status status="PASS" start="2026-03-04T17:13:45.492492" elapsed="0.000000"/>
</kw>
<kw name="Append To List" owner="Collections">
<arg>${AddInvoiceRowData}</arg>
<arg>${items[8]}</arg>
<doc>Adds ``values`` to the end of ``list``.</doc>
<status status="PASS" start="2026-03-04T17:13:45.492492" elapsed="0.000000"/>
</kw>
<kw name="Append To List" owner="Collections">
<arg>${AddInvoiceRowData}</arg>
<arg>${items[0]}</arg>
<doc>Adds ``values`` to the end of ``list``.</doc>
<status status="PASS" start="2026-03-04T17:13:45.492492" elapsed="0.000000"/>
</kw>
<kw name="Append To List" owner="Collections">
<arg>${AddInvoiceRowData}</arg>
<arg>${items[1]}</arg>
<doc>Adds ``values`` to the end of ``list``.</doc>
<status status="PASS" start="2026-03-04T17:13:45.492492" elapsed="0.000000"/>
</kw>
<kw name="Append To List" owner="Collections">
<arg>${AddInvoiceRowData}</arg>
<arg>${items[2]}</arg>
<doc>Adds ``values`` to the end of ``list``.</doc>
<status status="PASS" start="2026-03-04T17:13:45.492492" elapsed="0.000000"/>
</kw>
<kw name="Append To List" owner="Collections">
<arg>${AddInvoiceRowData}</arg>
<arg>${items[3]}</arg>
<doc>Adds ``values`` to the end of ``list``.</doc>
<status status="PASS" start="2026-03-04T17:13:45.492492" elapsed="0.000000"/>
</kw>
<kw name="Append To List" owner="Collections">
<arg>${AddInvoiceRowData}</arg>
<arg>${items[4]}</arg>
<doc>Adds ``values`` to the end of ``list``.</doc>
<status status="PASS" start="2026-03-04T17:13:45.492492" elapsed="0.013349"/>
</kw>
<kw name="Append To List" owner="Collections">
<arg>${AddInvoiceRowData}</arg>
<arg>${items[5]}</arg>
<doc>Adds ``values`` to the end of ``list``.</doc>
<status status="PASS" start="2026-03-04T17:13:45.505841" elapsed="0.001137"/>
</kw>
<kw name="Append To List" owner="Collections">
<arg>${AddInvoiceRowData}</arg>
<arg>${items[6]}</arg>
<doc>Adds ``values`` to the end of ``list``.</doc>
<status status="PASS" start="2026-03-04T17:13:45.506978" elapsed="0.000000"/>
</kw>
<kw name="Append To List" owner="Collections">
<arg>${ListToDB}</arg>
<arg>${AddInvoiceRowData}</arg>
<doc>Adds ``values`` to the end of ``list``.</doc>
<status status="PASS" start="2026-03-04T17:13:45.506978" elapsed="0.000000"/>
</kw>
<arg>${cleanItems}</arg>
<status status="PASS" start="2026-03-04T17:13:45.492492" elapsed="0.014486"/>
</kw>
<status status="PASS" start="2026-03-04T17:13:45.492492" elapsed="0.014486"/>
</branch>
<branch type="ELSE">
<kw name="Get Length" owner="BuiltIn">
<var>${length}</var>
<arg>${ListToDB}</arg>
<doc>Returns and logs the length of the given item as an integer.</doc>
<status status="NOT RUN" start="2026-03-04T17:13:45.506978" elapsed="0.000000"/>
</kw>
<if>
<branch type="IF" condition="${length} &gt; 0">
<for flavor="IN">
<iter>
<kw name="Strip String" owner="String">
<var>${headerElement}</var>
<arg>${headerElement}</arg>
<doc>Remove leading and/or trailing whitespaces from the given string.</doc>
<status status="NOT RUN" start="2026-03-04T17:13:45.506978" elapsed="0.000000"/>
</kw>
<kw name="Split String" owner="String">
<var>@{headerItems}</var>
<arg>${headerElement}</arg>
<arg>,</arg>
<doc>Splits the ``string`` using ``separator`` as a delimiter string.</doc>
<status status="NOT RUN" start="2026-03-04T17:13:45.506978" elapsed="0.000000"/>
</kw>
<kw name="Create List" owner="BuiltIn">
<var>@{cleanHeaderItems}</var>
<doc>Returns a list containing given items.</doc>
<status status="NOT RUN" start="2026-03-04T17:13:45.506978" elapsed="0.000000"/>
</kw>
<for flavor="IN">
<iter>
<kw name="Strip String" owner="String">
<var>${hitem}</var>
<arg>${hitem}</arg>
<doc>Remove leading and/or trailing whitespaces from the given string.</doc>
<status status="NOT RUN" start="2026-03-04T17:13:45.506978" elapsed="0.000000"/>
</kw>
<kw name="Append To List" owner="Collections">
<arg>${cleanHeaderItems}</arg>
<arg>${hitem}</arg>
<doc>Adds ``values`` to the end of ``list``.</doc>
<status status="NOT RUN" start="2026-03-04T17:13:45.506978" elapsed="0.000000"/>
</kw>
<var name="${hitem}"/>
<status status="NOT RUN" start="2026-03-04T17:13:45.506978" elapsed="0.000000"/>
</iter>
<var>${hitem}</var>
<value>@{headerItems}</value>
<status status="NOT RUN" start="2026-03-04T17:13:45.506978" elapsed="0.000000"/>
</for>
<if>
<branch type="IF" condition="'${cleanHeaderItems[0]}' == '${InvoiceNumber}'">
<kw name="Add Invoice Header To DB">
<arg>${cleanHeaderItems}</arg>
<arg>${ListToDB}</arg>
<status status="NOT RUN" start="2026-03-04T17:13:45.506978" elapsed="0.000000"/>
</kw>
<for flavor="IN">
<iter>
<kw name="Add Invoice Row To DB">
<arg>${rowElement}</arg>
<status status="NOT RUN" start="2026-03-04T17:13:45.514057" elapsed="0.000000"/>
</kw>
<var name="${rowElement}"/>
<status status="NOT RUN" start="2026-03-04T17:13:45.514057" elapsed="0.000000"/>
</iter>
<var>${rowElement}</var>
<value>@{ListToDB}</value>
<status status="NOT RUN" start="2026-03-04T17:13:45.506978" elapsed="0.007079"/>
</for>
<status status="NOT RUN" start="2026-03-04T17:13:45.506978" elapsed="0.007079"/>
</branch>
<status status="NOT RUN" start="2026-03-04T17:13:45.506978" elapsed="0.007079"/>
</if>
<var name="${headerElement}"/>
<status status="NOT RUN" start="2026-03-04T17:13:45.506978" elapsed="0.007079"/>
</iter>
<var>${headerElement}</var>
<value>@{headers}</value>
<status status="NOT RUN" start="2026-03-04T17:13:45.506978" elapsed="0.007079"/>
</for>
<status status="NOT RUN" start="2026-03-04T17:13:45.506978" elapsed="0.007079"/>
</branch>
<status status="NOT RUN" start="2026-03-04T17:13:45.506978" elapsed="0.007079"/>
</if>
<kw name="Create List" owner="BuiltIn">
<var>@{ListToDB}</var>
<doc>Returns a list containing given items.</doc>
<status status="NOT RUN" start="2026-03-04T17:13:45.514057" elapsed="0.000000"/>
</kw>
<kw name="Set Global Variable" owner="BuiltIn">
<arg>${ListToDB}</arg>
<doc>Makes a variable available globally in all tests and suites.</doc>
<status status="NOT RUN" start="2026-03-04T17:13:45.515518" elapsed="0.000000"/>
</kw>
<kw name="Set Variable" owner="BuiltIn">
<var>${InvoiceNumber}</var>
<arg>${rowInvoiceNumber}</arg>
<doc>Returns the given values which can then be assigned to a variables.</doc>
<status status="NOT RUN" start="2026-03-04T17:13:45.515518" elapsed="0.000000"/>
</kw>
<kw name="Set Global Variable" owner="BuiltIn">
<arg>${InvoiceNumber}</arg>
<doc>Makes a variable available globally in all tests and suites.</doc>
<status status="NOT RUN" start="2026-03-04T17:13:45.515518" elapsed="0.000000"/>
</kw>
<kw name="Add Row Data to List">
<arg>${cleanItems}</arg>
<status status="NOT RUN" start="2026-03-04T17:13:45.515518" elapsed="0.000000"/>
</kw>
<status status="NOT RUN" start="2026-03-04T17:13:45.506978" elapsed="0.008540"/>
</branch>
<status status="PASS" start="2026-03-04T17:13:45.492492" elapsed="0.023026"/>
</if>
<var name="${element}">Replacement Products,10,kpl,105,24,252,1302,143143,2</var>
<status status="PASS" start="2026-03-04T17:13:45.477275" elapsed="0.038243"/>
</iter>
<iter>
<kw name="Continue For Loop If" owner="BuiltIn">
<arg>'${element}' == ''</arg>
<doc>Skips the current FOR loop iteration if the ``condition`` is true.</doc>
<status status="PASS" start="2026-03-04T17:13:45.515518" elapsed="0.000000"/>
</kw>
<kw name="Strip String" owner="String">
<msg time="2026-03-04T17:13:45.515518" level="INFO">${element} = Keyboard Logitech,10,kpl,40,24,96,496,1543235,1</msg>
<var>${element}</var>
<arg>${element}</arg>
<doc>Remove leading and/or trailing whitespaces from the given string.</doc>
<status status="PASS" start="2026-03-04T17:13:45.515518" elapsed="0.000000"/>
</kw>
<kw name="Split String" owner="String">
<msg time="2026-03-04T17:13:45.515518" level="INFO">@{items} = [ Keyboard Logitech | 10 | kpl | 40 | 24 | 96 | 496 | 1543235 | 1 ]</msg>
<var>@{items}</var>
<arg>${element}</arg>
<arg>,</arg>
<doc>Splits the ``string`` using ``separator`` as a delimiter string.</doc>
<status status="PASS" start="2026-03-04T17:13:45.515518" elapsed="0.000000"/>
</kw>
<kw name="Create List" owner="BuiltIn">
<msg time="2026-03-04T17:13:45.515518" level="INFO">@{cleanItems} = [ ]</msg>
<var>@{cleanItems}</var>
<doc>Returns a list containing given items.</doc>
<status status="PASS" start="2026-03-04T17:13:45.515518" elapsed="0.000000"/>
</kw>
<for flavor="IN">
<iter>
<kw name="Strip String" owner="String">
<msg time="2026-03-04T17:13:45.515518" level="INFO">${item} = Keyboard Logitech</msg>
<var>${item}</var>
<arg>${item}</arg>
<doc>Remove leading and/or trailing whitespaces from the given string.</doc>
<status status="PASS" start="2026-03-04T17:13:45.515518" elapsed="0.000000"/>
</kw>
<kw name="Append To List" owner="Collections">
<arg>${cleanItems}</arg>
<arg>${item}</arg>
<doc>Adds ``values`` to the end of ``list``.</doc>
<status status="PASS" start="2026-03-04T17:13:45.515518" elapsed="0.000000"/>
</kw>
<var name="${item}">Keyboard Logitech</var>
<status status="PASS" start="2026-03-04T17:13:45.515518" elapsed="0.000000"/>
</iter>
<iter>
<kw name="Strip String" owner="String">
<msg time="2026-03-04T17:13:45.515518" level="INFO">${item} = 10</msg>
<var>${item}</var>
<arg>${item}</arg>
<doc>Remove leading and/or trailing whitespaces from the given string.</doc>
<status status="PASS" start="2026-03-04T17:13:45.515518" elapsed="0.000000"/>
</kw>
<kw name="Append To List" owner="Collections">
<arg>${cleanItems}</arg>
<arg>${item}</arg>
<doc>Adds ``values`` to the end of ``list``.</doc>
<status status="PASS" start="2026-03-04T17:13:45.522151" elapsed="0.000000"/>
</kw>
<var name="${item}">10</var>
<status status="PASS" start="2026-03-04T17:13:45.515518" elapsed="0.006633"/>
</iter>
<iter>
<kw name="Strip String" owner="String">
<msg time="2026-03-04T17:13:45.522151" level="INFO">${item} = kpl</msg>
<var>${item}</var>
<arg>${item}</arg>
<doc>Remove leading and/or trailing whitespaces from the given string.</doc>
<status status="PASS" start="2026-03-04T17:13:45.522151" elapsed="0.001759"/>
</kw>
<kw name="Append To List" owner="Collections">
<arg>${cleanItems}</arg>
<arg>${item}</arg>
<doc>Adds ``values`` to the end of ``list``.</doc>
<status status="PASS" start="2026-03-04T17:13:45.523910" elapsed="0.000000"/>
</kw>
<var name="${item}">kpl</var>
<status status="PASS" start="2026-03-04T17:13:45.522151" elapsed="0.001759"/>
</iter>
<iter>
<kw name="Strip String" owner="String">
<msg time="2026-03-04T17:13:45.523910" level="INFO">${item} = 40</msg>
<var>${item}</var>
<arg>${item}</arg>
<doc>Remove leading and/or trailing whitespaces from the given string.</doc>
<status status="PASS" start="2026-03-04T17:13:45.523910" elapsed="0.000000"/>
</kw>
<kw name="Append To List" owner="Collections">
<arg>${cleanItems}</arg>
<arg>${item}</arg>
<doc>Adds ``values`` to the end of ``list``.</doc>
<status status="PASS" start="2026-03-04T17:13:45.523910" elapsed="0.000000"/>
</kw>
<var name="${item}">40</var>
<status status="PASS" start="2026-03-04T17:13:45.523910" elapsed="0.000000"/>
</iter>
<iter>
<kw name="Strip String" owner="String">
<msg time="2026-03-04T17:13:45.523910" level="INFO">${item} = 24</msg>
<var>${item}</var>
<arg>${item}</arg>
<doc>Remove leading and/or trailing whitespaces from the given string.</doc>
<status status="PASS" start="2026-03-04T17:13:45.523910" elapsed="0.000000"/>
</kw>
<kw name="Append To List" owner="Collections">
<arg>${cleanItems}</arg>
<arg>${item}</arg>
<doc>Adds ``values`` to the end of ``list``.</doc>
<status status="PASS" start="2026-03-04T17:13:45.523910" elapsed="0.000000"/>
</kw>
<var name="${item}">24</var>
<status status="PASS" start="2026-03-04T17:13:45.523910" elapsed="0.000000"/>
</iter>
<iter>
<kw name="Strip String" owner="String">
<msg time="2026-03-04T17:13:45.523910" level="INFO">${item} = 96</msg>
<var>${item}</var>
<arg>${item}</arg>
<doc>Remove leading and/or trailing whitespaces from the given string.</doc>
<status status="PASS" start="2026-03-04T17:13:45.523910" elapsed="0.000000"/>
</kw>
<kw name="Append To List" owner="Collections">
<arg>${cleanItems}</arg>
<arg>${item}</arg>
<doc>Adds ``values`` to the end of ``list``.</doc>
<status status="PASS" start="2026-03-04T17:13:45.523910" elapsed="0.000000"/>
</kw>
<var name="${item}">96</var>
<status status="PASS" start="2026-03-04T17:13:45.523910" elapsed="0.000000"/>
</iter>
<iter>
<kw name="Strip String" owner="String">
<msg time="2026-03-04T17:13:45.523910" level="INFO">${item} = 496</msg>
<var>${item}</var>
<arg>${item}</arg>
<doc>Remove leading and/or trailing whitespaces from the given string.</doc>
<status status="PASS" start="2026-03-04T17:13:45.523910" elapsed="0.000000"/>
</kw>
<kw name="Append To List" owner="Collections">
<arg>${cleanItems}</arg>
<arg>${item}</arg>
<doc>Adds ``values`` to the end of ``list``.</doc>
<status status="PASS" start="2026-03-04T17:13:45.523910" elapsed="0.006780"/>
</kw>
<var name="${item}">496</var>
<status status="PASS" start="2026-03-04T17:13:45.523910" elapsed="0.006780"/>
</iter>
<iter>
<kw name="Strip String" owner="String">
<msg time="2026-03-04T17:13:45.530690" level="INFO">${item} = 1543235</msg>
<var>${item}</var>
<arg>${item}</arg>
<doc>Remove leading and/or trailing whitespaces from the given string.</doc>
<status status="PASS" start="2026-03-04T17:13:45.530690" elapsed="0.000000"/>
</kw>
<kw name="Append To List" owner="Collections">
<arg>${cleanItems}</arg>
<arg>${item}</arg>
<doc>Adds ``values`` to the end of ``list``.</doc>
<status status="PASS" start="2026-03-04T17:13:45.530690" elapsed="0.000000"/>
</kw>
<var name="${item}">1543235</var>
<status status="PASS" start="2026-03-04T17:13:45.530690" elapsed="0.000000"/>
</iter>
<iter>
<kw name="Strip String" owner="String">
<msg time="2026-03-04T17:13:45.530690" level="INFO">${item} = 1</msg>
<var>${item}</var>
<arg>${item}</arg>
<doc>Remove leading and/or trailing whitespaces from the given string.</doc>
<status status="PASS" start="2026-03-04T17:13:45.530690" elapsed="0.000000"/>
</kw>
<kw name="Append To List" owner="Collections">
<arg>${cleanItems}</arg>
<arg>${item}</arg>
<doc>Adds ``values`` to the end of ``list``.</doc>
<status status="PASS" start="2026-03-04T17:13:45.530690" elapsed="0.000000"/>
</kw>
<var name="${item}">1</var>
<status status="PASS" start="2026-03-04T17:13:45.530690" elapsed="0.000000"/>
</iter>
<var>${item}</var>
<value>@{items}</value>
<status status="PASS" start="2026-03-04T17:13:45.515518" elapsed="0.015172"/>
</for>
<kw name="Set Variable" owner="BuiltIn">
<msg time="2026-03-04T17:13:45.530690" level="INFO">${rowInvoiceNumber} = 1543235</msg>
<var>${rowInvoiceNumber}</var>
<arg>${cleanItems[7]}</arg>
<doc>Returns the given values which can then be assigned to a variables.</doc>
<status status="PASS" start="2026-03-04T17:13:45.530690" elapsed="0.000000"/>
</kw>
<if>
<branch type="IF" condition="'${rowInvoiceNumber}' == '${InvoiceNumber}'">
<kw name="Add Row Data to List">
<arg>${cleanItems}</arg>
<status status="NOT RUN" start="2026-03-04T17:13:45.530690" elapsed="0.000000"/>
</kw>
<status status="NOT RUN" start="2026-03-04T17:13:45.530690" elapsed="0.000000"/>
</branch>
<branch type="ELSE">
<kw name="Get Length" owner="BuiltIn">
<msg time="2026-03-04T17:13:45.530690" level="INFO">Length is 2.</msg>
<msg time="2026-03-04T17:13:45.530690" level="INFO">${length} = 2</msg>
<var>${length}</var>
<arg>${ListToDB}</arg>
<doc>Returns and logs the length of the given item as an integer.</doc>
<status status="PASS" start="2026-03-04T17:13:45.530690" elapsed="0.000000"/>
</kw>
<if>
<branch type="IF" condition="${length} &gt; 0">
<for flavor="IN">
<iter>
<kw name="Strip String" owner="String">
<msg time="2026-03-04T17:13:45.530690" level="INFO">${headerElement} = 143143,Service Provider Oy,1431432,15.12.2022,07.04.2021,1234567-8,FI12 3456 7890 1234 56,1350,324,1674</msg>
<var>${headerElement}</var>
<arg>${headerElement}</arg>
<doc>Remove leading and/or trailing whitespaces from the given string.</doc>
<status status="PASS" start="2026-03-04T17:13:45.530690" elapsed="0.000000"/>
</kw>
<kw name="Split String" owner="String">
<msg time="2026-03-04T17:13:45.530690" level="INFO">@{headerItems} = [ 143143 | Service Provider Oy | 1431432 | 15.12.2022 | 07.04.2021 | 1234567-8 | FI12 3456 7890 1234 56 | 1350 | 324 | 1674 ]</msg>
<var>@{headerItems}</var>
<arg>${headerElement}</arg>
<arg>,</arg>
<doc>Splits the ``string`` using ``separator`` as a delimiter string.</doc>
<status status="PASS" start="2026-03-04T17:13:45.530690" elapsed="0.000000"/>
</kw>
<kw name="Create List" owner="BuiltIn">
<msg time="2026-03-04T17:13:45.538793" level="INFO">@{cleanHeaderItems} = [ ]</msg>
<var>@{cleanHeaderItems}</var>
<doc>Returns a list containing given items.</doc>
<status status="PASS" start="2026-03-04T17:13:45.530690" elapsed="0.008103"/>
</kw>
<for flavor="IN">
<iter>
<kw name="Strip String" owner="String">
<msg time="2026-03-04T17:13:45.538793" level="INFO">${hitem} = 143143</msg>
<var>${hitem}</var>
<arg>${hitem}</arg>
<doc>Remove leading and/or trailing whitespaces from the given string.</doc>
<status status="PASS" start="2026-03-04T17:13:45.538793" elapsed="0.000000"/>
</kw>
<kw name="Append To List" owner="Collections">
<arg>${cleanHeaderItems}</arg>
<arg>${hitem}</arg>
<doc>Adds ``values`` to the end of ``list``.</doc>
<status status="PASS" start="2026-03-04T17:13:45.538793" elapsed="0.000000"/>
</kw>
<var name="${hitem}">143143</var>
<status status="PASS" start="2026-03-04T17:13:45.538793" elapsed="0.000000"/>
</iter>
<iter>
<kw name="Strip String" owner="String">
<msg time="2026-03-04T17:13:45.538793" level="INFO">${hitem} = Service Provider Oy</msg>
<var>${hitem}</var>
<arg>${hitem}</arg>
<doc>Remove leading and/or trailing whitespaces from the given string.</doc>
<status status="PASS" start="2026-03-04T17:13:45.538793" elapsed="0.000000"/>
</kw>
<kw name="Append To List" owner="Collections">
<arg>${cleanHeaderItems}</arg>
<arg>${hitem}</arg>
<doc>Adds ``values`` to the end of ``list``.</doc>
<status status="PASS" start="2026-03-04T17:13:45.538793" elapsed="0.003805"/>
</kw>
<var name="${hitem}">Service Provider Oy</var>
<status status="PASS" start="2026-03-04T17:13:45.538793" elapsed="0.003805"/>
</iter>
<iter>
<kw name="Strip String" owner="String">
<msg time="2026-03-04T17:13:45.542598" level="INFO">${hitem} = 1431432</msg>
<var>${hitem}</var>
<arg>${hitem}</arg>
<doc>Remove leading and/or trailing whitespaces from the given string.</doc>
<status status="PASS" start="2026-03-04T17:13:45.542598" elapsed="0.000000"/>
</kw>
<kw name="Append To List" owner="Collections">
<arg>${cleanHeaderItems}</arg>
<arg>${hitem}</arg>
<doc>Adds ``values`` to the end of ``list``.</doc>
<status status="PASS" start="2026-03-04T17:13:45.542598" elapsed="0.000000"/>
</kw>
<var name="${hitem}">1431432</var>
<status status="PASS" start="2026-03-04T17:13:45.542598" elapsed="0.000000"/>
</iter>
<iter>
<kw name="Strip String" owner="String">
<msg time="2026-03-04T17:13:45.542598" level="INFO">${hitem} = 15.12.2022</msg>
<var>${hitem}</var>
<arg>${hitem}</arg>
<doc>Remove leading and/or trailing whitespaces from the given string.</doc>
<status status="PASS" start="2026-03-04T17:13:45.542598" elapsed="0.000000"/>
</kw>
<kw name="Append To List" owner="Collections">
<arg>${cleanHeaderItems}</arg>
<arg>${hitem}</arg>
<doc>Adds ``values`` to the end of ``list``.</doc>
<status status="PASS" start="2026-03-04T17:13:45.542598" elapsed="0.000000"/>
</kw>
<var name="${hitem}">15.12.2022</var>
<status status="PASS" start="2026-03-04T17:13:45.542598" elapsed="0.000000"/>
</iter>
<iter>
<kw name="Strip String" owner="String">
<msg time="2026-03-04T17:13:45.542598" level="INFO">${hitem} = 07.04.2021</msg>
<var>${hitem}</var>
<arg>${hitem}</arg>
<doc>Remove leading and/or trailing whitespaces from the given string.</doc>
<status status="PASS" start="2026-03-04T17:13:45.542598" elapsed="0.000000"/>
</kw>
<kw name="Append To List" owner="Collections">
<arg>${cleanHeaderItems}</arg>
<arg>${hitem}</arg>
<doc>Adds ``values`` to the end of ``list``.</doc>
<status status="PASS" start="2026-03-04T17:13:45.542598" elapsed="0.000000"/>
</kw>
<var name="${hitem}">07.04.2021</var>
<status status="PASS" start="2026-03-04T17:13:45.542598" elapsed="0.000000"/>
</iter>
<iter>
<kw name="Strip String" owner="String">
<msg time="2026-03-04T17:13:45.547164" level="INFO">${hitem} = 1234567-8</msg>
<var>${hitem}</var>
<arg>${hitem}</arg>
<doc>Remove leading and/or trailing whitespaces from the given string.</doc>
<status status="PASS" start="2026-03-04T17:13:45.547164" elapsed="0.000000"/>
</kw>
<kw name="Append To List" owner="Collections">
<arg>${cleanHeaderItems}</arg>
<arg>${hitem}</arg>
<doc>Adds ``values`` to the end of ``list``.</doc>
<status status="PASS" start="2026-03-04T17:13:45.547164" elapsed="0.000000"/>
</kw>
<var name="${hitem}">1234567-8</var>
<status status="PASS" start="2026-03-04T17:13:45.547164" elapsed="0.000000"/>
</iter>
<iter>
<kw name="Strip String" owner="String">
<msg time="2026-03-04T17:13:45.547164" level="INFO">${hitem} = FI12 3456 7890 1234 56</msg>
<var>${hitem}</var>
<arg>${hitem}</arg>
<doc>Remove leading and/or trailing whitespaces from the given string.</doc>
<status status="PASS" start="2026-03-04T17:13:45.547164" elapsed="0.002349"/>
</kw>
<kw name="Append To List" owner="Collections">
<arg>${cleanHeaderItems}</arg>
<arg>${hitem}</arg>
<doc>Adds ``values`` to the end of ``list``.</doc>
<status status="PASS" start="2026-03-04T17:13:45.549513" elapsed="0.000000"/>
</kw>
<var name="${hitem}">FI12 3456 7890 1234 56</var>
<status status="PASS" start="2026-03-04T17:13:45.547164" elapsed="0.002349"/>
</iter>
<iter>
<kw name="Strip String" owner="String">
<msg time="2026-03-04T17:13:45.549513" level="INFO">${hitem} = 1350</msg>
<var>${hitem}</var>
<arg>${hitem}</arg>
<doc>Remove leading and/or trailing whitespaces from the given string.</doc>
<status status="PASS" start="2026-03-04T17:13:45.549513" elapsed="0.000000"/>
</kw>
<kw name="Append To List" owner="Collections">
<arg>${cleanHeaderItems}</arg>
<arg>${hitem}</arg>
<doc>Adds ``values`` to the end of ``list``.</doc>
<status status="PASS" start="2026-03-04T17:13:45.549513" elapsed="0.000000"/>
</kw>
<var name="${hitem}">1350</var>
<status status="PASS" start="2026-03-04T17:13:45.549513" elapsed="0.000000"/>
</iter>
<iter>
<kw name="Strip String" owner="String">
<msg time="2026-03-04T17:13:45.549513" level="INFO">${hitem} = 324</msg>
<var>${hitem}</var>
<arg>${hitem}</arg>
<doc>Remove leading and/or trailing whitespaces from the given string.</doc>
<status status="PASS" start="2026-03-04T17:13:45.549513" elapsed="0.000000"/>
</kw>
<kw name="Append To List" owner="Collections">
<arg>${cleanHeaderItems}</arg>
<arg>${hitem}</arg>
<doc>Adds ``values`` to the end of ``list``.</doc>
<status status="PASS" start="2026-03-04T17:13:45.549513" elapsed="0.000000"/>
</kw>
<var name="${hitem}">324</var>
<status status="PASS" start="2026-03-04T17:13:45.549513" elapsed="0.000000"/>
</iter>
<iter>
<kw name="Strip String" owner="String">
<msg time="2026-03-04T17:13:45.549513" level="INFO">${hitem} = 1674</msg>
<var>${hitem}</var>
<arg>${hitem}</arg>
<doc>Remove leading and/or trailing whitespaces from the given string.</doc>
<status status="PASS" start="2026-03-04T17:13:45.549513" elapsed="0.000000"/>
</kw>
<kw name="Append To List" owner="Collections">
<arg>${cleanHeaderItems}</arg>
<arg>${hitem}</arg>
<doc>Adds ``values`` to the end of ``list``.</doc>
<status status="PASS" start="2026-03-04T17:13:45.549513" elapsed="0.000000"/>
</kw>
<var name="${hitem}">1674</var>
<status status="PASS" start="2026-03-04T17:13:45.549513" elapsed="0.000000"/>
</iter>
<var>${hitem}</var>
<value>@{headerItems}</value>
<status status="PASS" start="2026-03-04T17:13:45.538793" elapsed="0.010720"/>
</for>
<if>
<branch type="IF" condition="'${cleanHeaderItems[0]}' == '${InvoiceNumber}'">
<kw name="Add Invoice Header To DB">
<kw name="Convert Date" owner="DateTime">
<msg time="2026-03-04T17:13:45.562326" level="INFO">${invoiceDate} = 2022-12-15</msg>
<var>${invoiceDate}</var>
<arg>${items[3]}</arg>
<arg>date_format=%d.%m.%Y</arg>
<arg>result_format=%Y-%m-%d</arg>
<doc>Converts between supported `date formats`.</doc>
<status status="PASS" start="2026-03-04T17:13:45.549513" elapsed="0.012813"/>
</kw>
<kw name="Convert Date" owner="DateTime">
<msg time="2026-03-04T17:13:45.562326" level="INFO">${dueDate} = 2021-04-07</msg>
<var>${dueDate}</var>
<arg>${items[4]}</arg>
<arg>date_format=%d.%m.%Y</arg>
<arg>result_format=%Y-%m-%d</arg>
<doc>Converts between supported `date formats`.</doc>
<status status="PASS" start="2026-03-04T17:13:45.562326" elapsed="0.000000"/>
</kw>
<kw name="Set Variable" owner="BuiltIn">
<msg time="2026-03-04T17:13:45.562326" level="INFO">${statusOfInvoice} = 0</msg>
<var>${statusOfInvoice}</var>
<arg>0</arg>
<doc>Returns the given values which can then be assigned to a variables.</doc>
<status status="PASS" start="2026-03-04T17:13:45.562326" elapsed="0.000000"/>
</kw>
<kw name="Set Variable" owner="BuiltIn">
<msg time="2026-03-04T17:13:45.562326" level="INFO">${commentOfInvoice} = All ok</msg>
<var>${commentOfInvoice}</var>
<arg>All ok</arg>
<doc>Returns the given values which can then be assigned to a variables.</doc>
<status status="PASS" start="2026-03-04T17:13:45.562326" elapsed="0.000000"/>
</kw>
<kw name="Is Ref Correct" owner="validate">
<msg time="2026-03-04T17:13:45.562326" level="INFO">${refResult} = False</msg>
<var>${refResult}</var>
<arg>${items[2]}</arg>
<status status="PASS" start="2026-03-04T17:13:45.562326" elapsed="0.000000"/>
</kw>
<if>
<branch type="IF" condition="not ${refResult}">
<kw name="Set Variable" owner="BuiltIn">
<msg time="2026-03-04T17:13:45.567872" level="INFO">${statusOfInvoice} = 1</msg>
<var>${statusOfInvoice}</var>
<arg>1</arg>
<doc>Returns the given values which can then be assigned to a variables.</doc>
<status status="PASS" start="2026-03-04T17:13:45.567872" elapsed="0.000000"/>
</kw>
<kw name="Set Variable" owner="BuiltIn">
<msg time="2026-03-04T17:13:45.567872" level="INFO">${commentOfInvoice} = Reference number error</msg>
<var>${commentOfInvoice}</var>
<arg>Reference number error</arg>
<doc>Returns the given values which can then be assigned to a variables.</doc>
<status status="PASS" start="2026-03-04T17:13:45.567872" elapsed="0.000000"/>
</kw>
<status status="PASS" start="2026-03-04T17:13:45.562326" elapsed="0.005546"/>
</branch>
<status status="PASS" start="2026-03-04T17:13:45.562326" elapsed="0.005546"/>
</if>
<kw name="Is IBAN Valid" owner="validate">
<msg time="2026-03-04T17:13:45.567872" level="INFO">${ibanResult} = False</msg>
<var>${ibanResult}</var>
<arg>${items[6]}</arg>
<status status="PASS" start="2026-03-04T17:13:45.567872" elapsed="0.000000"/>
</kw>
<if>
<branch type="IF" condition="not ${ibanResult}">
<kw name="Set Variable" owner="BuiltIn">
<msg time="2026-03-04T17:13:45.567872" level="INFO">${statusOfInvoice} = 2</msg>
<var>${statusOfInvoice}</var>
<arg>2</arg>
<doc>Returns the given values which can then be assigned to a variables.</doc>
<status status="PASS" start="2026-03-04T17:13:45.567872" elapsed="0.000000"/>
</kw>
<kw name="Set Variable" owner="BuiltIn">
<msg time="2026-03-04T17:13:45.567872" level="INFO">${commentOfInvoice} = IBAN number error</msg>
<var>${commentOfInvoice}</var>
<arg>IBAN number error</arg>
<doc>Returns the given values which can then be assigned to a variables.</doc>
<status status="PASS" start="2026-03-04T17:13:45.567872" elapsed="0.000000"/>
</kw>
<status status="PASS" start="2026-03-04T17:13:45.567872" elapsed="0.000000"/>
</branch>
<status status="PASS" start="2026-03-04T17:13:45.567872" elapsed="0.000000"/>
</if>
<kw name="Check Amounts From Invoice">
<kw name="Set Variable" owner="BuiltIn">
<msg time="2026-03-04T17:13:45.573657" level="INFO">${status} = True</msg>
<var>${status}</var>
<arg>${True}</arg>
<doc>Returns the given values which can then be assigned to a variables.</doc>
<status status="PASS" start="2026-03-04T17:13:45.573657" elapsed="0.000000"/>
</kw>
<kw name="Evaluate" owner="BuiltIn">
<msg time="2026-03-04T17:13:45.576024" level="INFO">${totalRowsAmount} = 0</msg>
<var>${totalRowsAmount}</var>
<arg>0</arg>
<doc>Evaluates the given expression in Python and returns the result.</doc>
<status status="PASS" start="2026-03-04T17:13:45.573657" elapsed="0.002367"/>
</kw>
<for flavor="IN">
<iter>
<kw name="Convert To Number" owner="BuiltIn">
<msg time="2026-03-04T17:13:45.576024" level="INFO">${quantity} = 5.0</msg>
<var>${quantity}</var>
<arg>${element[3]}</arg>
<doc>Converts the given item to a floating point number.</doc>
<status status="PASS" start="2026-03-04T17:13:45.576024" elapsed="0.000000"/>
</kw>
<kw name="Convert To Number" owner="BuiltIn">
<msg time="2026-03-04T17:13:45.576024" level="INFO">${unitprice} = 60.0</msg>
<var>${unitprice}</var>
<arg>${element[5]}</arg>
<doc>Converts the given item to a floating point number.</doc>
<status status="PASS" start="2026-03-04T17:13:45.576024" elapsed="0.000000"/>
</kw>
<kw name="Convert To Number" owner="BuiltIn">
<msg time="2026-03-04T17:13:45.576024" level="INFO">${vat} = 72.0</msg>
<var>${vat}</var>
<arg>${element[7]}</arg>
<doc>Converts the given item to a floating point number.</doc>
<status status="PASS" start="2026-03-04T17:13:45.576024" elapsed="0.000000"/>
</kw>
<kw name="Convert To Number" owner="BuiltIn">
<msg time="2026-03-04T17:13:45.576024" level="INFO">${rowTotal} = 372.0</msg>
<var>${rowTotal}</var>
<arg>${element[8]}</arg>
<doc>Converts the given item to a floating point number.</doc>
<status status="PASS" start="2026-03-04T17:13:45.576024" elapsed="0.000000"/>
</kw>
<kw name="Evaluate" owner="BuiltIn">
<msg time="2026-03-04T17:13:45.576024" level="INFO">${calculated} = 372.0</msg>
<var>${calculated}</var>
<arg>${quantity} * ${unitprice} + ${vat}</arg>
<doc>Evaluates the given expression in Python and returns the result.</doc>
<status status="PASS" start="2026-03-04T17:13:45.576024" elapsed="0.000000"/>
</kw>
<kw name="Evaluate" owner="BuiltIn">
<msg time="2026-03-04T17:13:45.576024" level="INFO">${diffRow} = 0.0</msg>
<var>${diffRow}</var>
<arg>abs(${calculated} - ${rowTotal})</arg>
<doc>Evaluates the given expression in Python and returns the result.</doc>
<status status="PASS" start="2026-03-04T17:13:45.576024" elapsed="0.008328"/>
</kw>
<if>
<branch type="IF" condition="${diffRow} &gt; 0.01">
<kw name="Set Variable" owner="BuiltIn">
<var>${status}</var>
<arg>${False}</arg>
<doc>Returns the given values which can then be assigned to a variables.</doc>
<status status="NOT RUN" start="2026-03-04T17:13:45.584352" elapsed="0.000000"/>
</kw>
<status status="NOT RUN" start="2026-03-04T17:13:45.584352" elapsed="0.000000"/>
</branch>
<status status="PASS" start="2026-03-04T17:13:45.584352" elapsed="0.000000"/>
</if>
<kw name="Evaluate" owner="BuiltIn">
<msg time="2026-03-04T17:13:45.584352" level="INFO">${totalRowsAmount} = 372.0</msg>
<var>${totalRowsAmount}</var>
<arg>${totalRowsAmount} + ${rowTotal}</arg>
<doc>Evaluates the given expression in Python and returns the result.</doc>
<status status="PASS" start="2026-03-04T17:13:45.584352" elapsed="0.000000"/>
</kw>
<var name="${element}">['143143', '1', 'Installation Services', '5', 'h', '60', '24', '72', '372']</var>
<status status="PASS" start="2026-03-04T17:13:45.576024" elapsed="0.011559"/>
</iter>
<iter>
<kw name="Convert To Number" owner="BuiltIn">
<msg time="2026-03-04T17:13:45.587583" level="INFO">${quantity} = 10.0</msg>
<var>${quantity}</var>
<arg>${element[3]}</arg>
<doc>Converts the given item to a floating point number.</doc>
<status status="PASS" start="2026-03-04T17:13:45.587583" elapsed="0.000000"/>
</kw>
<kw name="Convert To Number" owner="BuiltIn">
<msg time="2026-03-04T17:13:45.587583" level="INFO">${unitprice} = 105.0</msg>
<var>${unitprice}</var>
<arg>${element[5]}</arg>
<doc>Converts the given item to a floating point number.</doc>
<status status="PASS" start="2026-03-04T17:13:45.587583" elapsed="0.002783"/>
</kw>
<kw name="Convert To Number" owner="BuiltIn">
<msg time="2026-03-04T17:13:45.590366" level="INFO">${vat} = 252.0</msg>
<var>${vat}</var>
<arg>${element[7]}</arg>
<doc>Converts the given item to a floating point number.</doc>
<status status="PASS" start="2026-03-04T17:13:45.590366" elapsed="0.001226"/>
</kw>
<kw name="Convert To Number" owner="BuiltIn">
<msg time="2026-03-04T17:13:45.591592" level="INFO">${rowTotal} = 1302.0</msg>
<var>${rowTotal}</var>
<arg>${element[8]}</arg>
<doc>Converts the given item to a floating point number.</doc>
<status status="PASS" start="2026-03-04T17:13:45.591592" elapsed="0.000000"/>
</kw>
<kw name="Evaluate" owner="BuiltIn">
<msg time="2026-03-04T17:13:45.591592" level="INFO">${calculated} = 1302.0</msg>
<var>${calculated}</var>
<arg>${quantity} * ${unitprice} + ${vat}</arg>
<doc>Evaluates the given expression in Python and returns the result.</doc>
<status status="PASS" start="2026-03-04T17:13:45.591592" elapsed="0.000000"/>
</kw>
<kw name="Evaluate" owner="BuiltIn">
<msg time="2026-03-04T17:13:45.591592" level="INFO">${diffRow} = 0.0</msg>
<var>${diffRow}</var>
<arg>abs(${calculated} - ${rowTotal})</arg>
<doc>Evaluates the given expression in Python and returns the result.</doc>
<status status="PASS" start="2026-03-04T17:13:45.591592" elapsed="0.000000"/>
</kw>
<if>
<branch type="IF" condition="${diffRow} &gt; 0.01">
<kw name="Set Variable" owner="BuiltIn">
<var>${status}</var>
<arg>${False}</arg>
<doc>Returns the given values which can then be assigned to a variables.</doc>
<status status="NOT RUN" start="2026-03-04T17:13:45.591592" elapsed="0.000000"/>
</kw>
<status status="NOT RUN" start="2026-03-04T17:13:45.591592" elapsed="0.000000"/>
</branch>
<status status="PASS" start="2026-03-04T17:13:45.591592" elapsed="0.000000"/>
</if>
<kw name="Evaluate" owner="BuiltIn">
<msg time="2026-03-04T17:13:45.591592" level="INFO">${totalRowsAmount} = 1674.0</msg>
<var>${totalRowsAmount}</var>
<arg>${totalRowsAmount} + ${rowTotal}</arg>
<doc>Evaluates the given expression in Python and returns the result.</doc>
<status status="PASS" start="2026-03-04T17:13:45.591592" elapsed="0.000000"/>
</kw>
<var name="${element}">['143143', '2', 'Replacement Products', '10', 'kpl', '105', '24', '252', '1302']</var>
<status status="PASS" start="2026-03-04T17:13:45.587583" elapsed="0.004009"/>
</iter>
<var>${element}</var>
<value>@{invoiceRows}</value>
<status status="PASS" start="2026-03-04T17:13:45.576024" elapsed="0.015568"/>
</for>
<kw name="Convert To Number" owner="BuiltIn">
<msg time="2026-03-04T17:13:45.591592" level="INFO">${totalSumFromHeader} = 1674.0</msg>
<var>${totalSumFromHeader}</var>
<arg>${totalSumFromHeader}</arg>
<doc>Converts the given item to a floating point number.</doc>
<status status="PASS" start="2026-03-04T17:13:45.591592" elapsed="0.000000"/>
</kw>
<kw name="Evaluate" owner="BuiltIn">
<msg time="2026-03-04T17:13:45.591592" level="INFO">${diffHeader} = 0.0</msg>
<var>${diffHeader}</var>
<arg>abs(${totalSumFromHeader} - ${totalRowsAmount})</arg>
<doc>Evaluates the given expression in Python and returns the result.</doc>
<status status="PASS" start="2026-03-04T17:13:45.591592" elapsed="0.000000"/>
</kw>
<if>
<branch type="IF" condition="${diffHeader} &gt; 0.01">
<kw name="Set Variable" owner="BuiltIn">
<var>${status}</var>
<arg>${False}</arg>
<doc>Returns the given values which can then be assigned to a variables.</doc>
<status status="NOT RUN" start="2026-03-04T17:13:45.591592" elapsed="0.000000"/>
</kw>
<status status="NOT RUN" start="2026-03-04T17:13:45.591592" elapsed="0.000000"/>
</branch>
<status status="PASS" start="2026-03-04T17:13:45.591592" elapsed="0.000000"/>
</if>
<return>
<value>${status}</value>
<status status="PASS" start="2026-03-04T17:13:45.591592" elapsed="0.000000"/>
</return>
<msg time="2026-03-04T17:13:45.591592" level="INFO">${sumResult} = True</msg>
<var>${sumResult}</var>
<arg>${items[9]}</arg>
<arg>${rows}</arg>
<status status="PASS" start="2026-03-04T17:13:45.567872" elapsed="0.023720"/>
</kw>
<if>
<branch type="IF" condition="not ${sumResult}">
<kw name="Set Variable" owner="BuiltIn">
<var>${statusOfInvoice}</var>
<arg>3</arg>
<doc>Returns the given values which can then be assigned to a variables.</doc>
<status status="NOT RUN" start="2026-03-04T17:13:45.591592" elapsed="0.000000"/>
</kw>
<kw name="Set Variable" owner="BuiltIn">
<var>${commentOfInvoice}</var>
<arg>Amount difference</arg>
<doc>Returns the given values which can then be assigned to a variables.</doc>
<status status="NOT RUN" start="2026-03-04T17:13:45.591592" elapsed="0.000000"/>
</kw>
<status status="NOT RUN" start="2026-03-04T17:13:45.591592" elapsed="0.000000"/>
</branch>
<status status="PASS" start="2026-03-04T17:13:45.591592" elapsed="0.000000"/>
</if>
<kw name="Catenate" owner="BuiltIn">
<msg time="2026-03-04T17:13:45.600179" level="INFO">${insertStmt} = insert into invoiceheader(invoicenumber, companyname, companycode, referencenumber,invoicedate, duedate, bankaccountnumber,amountexclvat, vat, totalamount, invoicestatus_id, comments)values('143143', ...</msg>
<var>${insertStmt}</var>
<arg>SEPARATOR=</arg>
<arg>insert into invoiceheader</arg>
<arg>(invoicenumber, companyname, companycode, referencenumber,</arg>
<arg>invoicedate, duedate, bankaccountnumber,</arg>
<arg>amountexclvat, vat, totalamount, invoicestatus_id, comments)</arg>
<arg>values</arg>
<arg>('${items[0]}', '${items[1]}', '${items[5]}', '${items[2]}',</arg>
<arg>'${invoiceDate}', '${dueDate}', '${items[6]}',</arg>
<arg>'${items[7]}', '${items[8]}', '${items[9]}',</arg>
<arg>'${statusOfInvoice}', '${commentOfInvoice}');</arg>
<doc>Catenates the given items together and returns the resulted string.</doc>
<status status="PASS" start="2026-03-04T17:13:45.591592" elapsed="0.012928"/>
</kw>
<kw name="Execute Sql String" owner="DatabaseLibrary">
<msg time="2026-03-04T17:13:45.604520" level="INFO" html="true">Executing sql:&lt;br&gt;&lt;code style="font-weight: bold;"&gt;insert into invoiceheader(invoicenumber, companyname, companycode, referencenumber,invoicedate, duedate, bankaccountnumber,amountexclvat, vat, totalamount, invoicestatus_id, comments)values('143143', 'Service Provider Oy', '1234567-8', '1431432','2022-12-15', '2021-04-07', 'FI12 3456 7890 1234 56','1350', '324', '1674','2', 'IBAN number error');&lt;/code&gt;</msg>
<msg time="2026-03-04T17:13:45.607307" level="INFO">Commit the transaction</msg>
<arg>${insertStmt}</arg>
<doc>Executes the ``sql_string`` as a single SQL command.</doc>
<status status="PASS" start="2026-03-04T17:13:45.604520" elapsed="0.005524"/>
</kw>
<arg>${cleanHeaderItems}</arg>
<arg>${ListToDB}</arg>
<status status="PASS" start="2026-03-04T17:13:45.549513" elapsed="0.060531"/>
</kw>
<for flavor="IN">
<iter>
<kw name="Add Invoice Row To DB">
<kw name="Catenate" owner="BuiltIn">
<msg time="2026-03-04T17:13:45.618192" level="INFO">${insertStmt} = insert into invoicerow(invoicenumber, rownumber, description, quantity,unit, unitprice, vatpercent, vat, total, InvoiceHeader_invoicenumber)values('143143', '1', 'Installation Services','5', 'h', '60'...</msg>
<var>${insertStmt}</var>
<arg>SEPARATOR=</arg>
<arg>insert into invoicerow</arg>
<arg>(invoicenumber, rownumber, description, quantity,</arg>
<arg>unit, unitprice, vatpercent, vat, total, InvoiceHeader_invoicenumber)</arg>
<arg>values</arg>
<arg>('${items[0]}', '${items[1]}', '${items[2]}',</arg>
<arg>'${items[3]}', '${items[4]}', '${items[5]}',</arg>
<arg>'${items[6]}', '${items[7]}', '${items[8]}', '${items[0]}');</arg>
<doc>Catenates the given items together and returns the resulted string.</doc>
<status status="PASS" start="2026-03-04T17:13:45.611322" elapsed="0.006870"/>
</kw>
<kw name="Execute Sql String" owner="DatabaseLibrary">
<msg time="2026-03-04T17:13:45.620609" level="INFO" html="true">Executing sql:&lt;br&gt;&lt;code style="font-weight: bold;"&gt;insert into invoicerow(invoicenumber, rownumber, description, quantity,unit, unitprice, vatpercent, vat, total, InvoiceHeader_invoicenumber)values('143143', '1', 'Installation Services','5', 'h', '60','24', '72', '372', '143143');&lt;/code&gt;</msg>
<msg time="2026-03-04T17:13:45.620609" level="INFO">Commit the transaction</msg>
<arg>${insertStmt}</arg>
<doc>Executes the ``sql_string`` as a single SQL command.</doc>
<status status="PASS" start="2026-03-04T17:13:45.618192" elapsed="0.008489"/>
</kw>
<arg>${rowElement}</arg>
<status status="PASS" start="2026-03-04T17:13:45.611322" elapsed="0.015359"/>
</kw>
<var name="${rowElement}">['143143', '1', 'Installation Services', '5', 'h', '60', '24', '72', '372']</var>
<status status="PASS" start="2026-03-04T17:13:45.611322" elapsed="0.015359"/>
</iter>
<iter>
<kw name="Add Invoice Row To DB">
<kw name="Catenate" owner="BuiltIn">
<msg time="2026-03-04T17:13:45.633610" level="INFO">${insertStmt} = insert into invoicerow(invoicenumber, rownumber, description, quantity,unit, unitprice, vatpercent, vat, total, InvoiceHeader_invoicenumber)values('143143', '2', 'Replacement Products','10', 'kpl', '1...</msg>
<var>${insertStmt}</var>
<arg>SEPARATOR=</arg>
<arg>insert into invoicerow</arg>
<arg>(invoicenumber, rownumber, description, quantity,</arg>
<arg>unit, unitprice, vatpercent, vat, total, InvoiceHeader_invoicenumber)</arg>
<arg>values</arg>
<arg>('${items[0]}', '${items[1]}', '${items[2]}',</arg>
<arg>'${items[3]}', '${items[4]}', '${items[5]}',</arg>
<arg>'${items[6]}', '${items[7]}', '${items[8]}', '${items[0]}');</arg>
<doc>Catenates the given items together and returns the resulted string.</doc>
<status status="PASS" start="2026-03-04T17:13:45.626681" elapsed="0.006929"/>
</kw>
<kw name="Execute Sql String" owner="DatabaseLibrary">
<msg time="2026-03-04T17:13:45.635840" level="INFO" html="true">Executing sql:&lt;br&gt;&lt;code style="font-weight: bold;"&gt;insert into invoicerow(invoicenumber, rownumber, description, quantity,unit, unitprice, vatpercent, vat, total, InvoiceHeader_invoicenumber)values('143143', '2', 'Replacement Products','10', 'kpl', '105','24', '252', '1302', '143143');&lt;/code&gt;</msg>
<msg time="2026-03-04T17:13:45.635840" level="INFO">Commit the transaction</msg>
<arg>${insertStmt}</arg>
<doc>Executes the ``sql_string`` as a single SQL command.</doc>
<status status="PASS" start="2026-03-04T17:13:45.633610" elapsed="0.002230"/>
</kw>
<arg>${rowElement}</arg>
<status status="PASS" start="2026-03-04T17:13:45.626681" elapsed="0.009159"/>
</kw>
<var name="${rowElement}">['143143', '2', 'Replacement Products', '10', 'kpl', '105', '24', '252', '1302']</var>
<status status="PASS" start="2026-03-04T17:13:45.626681" elapsed="0.009159"/>
</iter>
<var>${rowElement}</var>
<value>@{ListToDB}</value>
<status status="PASS" start="2026-03-04T17:13:45.611322" elapsed="0.024518"/>
</for>
<status status="PASS" start="2026-03-04T17:13:45.549513" elapsed="0.086327"/>
</branch>
<status status="PASS" start="2026-03-04T17:13:45.549513" elapsed="0.086327"/>
</if>
<var name="${headerElement}">143143,Service Provider Oy,1431432,15.12.2022,07.04.2021,1234567-8,FI12 3456 7890 1234 56,1350,324,1674</var>
<status status="PASS" start="2026-03-04T17:13:45.530690" elapsed="0.105150"/>
</iter>
<iter>
[...]
<var>${totalRowsAmount}</var>
<arg>${totalRowsAmount} + ${rowTotal}</arg>
<doc>Evaluates the given expression in Python and returns the result.</doc>
<status status="PASS" start="2026-03-04T17:13:46.248018" elapsed="0.000000"/>
</kw>
<var name="${element}">['153143', '2', 'Replacement Products', '10', 'kpl', '105', '24', '252', '1302']</var>
<status status="PASS" start="2026-03-04T17:13:46.242565" elapsed="0.011525"/>
</iter>
<iter>
<kw name="Convert To Number" owner="BuiltIn">
<msg time="2026-03-04T17:13:46.254090" level="INFO">${quantity} = 5.0</msg>
<var>${quantity}</var>
<arg>${element[3]}</arg>
<doc>Converts the given item to a floating point number.</doc>
<status status="PASS" start="2026-03-04T17:13:46.254090" elapsed="0.000000"/>
</kw>
<kw name="Convert To Number" owner="BuiltIn">
<msg time="2026-03-04T17:13:46.257494" level="INFO">${unitprice} = 60.0</msg>
<var>${unitprice}</var>
<arg>${element[5]}</arg>
<doc>Converts the given item to a floating point number.</doc>
<status status="PASS" start="2026-03-04T17:13:46.254090" elapsed="0.003404"/>
</kw>
<kw name="Convert To Number" owner="BuiltIn">
<msg time="2026-03-04T17:13:46.257494" level="INFO">${vat} = 72.0</msg>
<var>${vat}</var>
<arg>${element[7]}</arg>
<doc>Converts the given item to a floating point number.</doc>
<status status="PASS" start="2026-03-04T17:13:46.257494" elapsed="0.000000"/>
</kw>
<kw name="Convert To Number" owner="BuiltIn">
<msg time="2026-03-04T17:13:46.259584" level="INFO">${rowTotal} = 372.0</msg>
<var>${rowTotal}</var>
<arg>${element[8]}</arg>
<doc>Converts the given item to a floating point number.</doc>
<status status="PASS" start="2026-03-04T17:13:46.257494" elapsed="0.002090"/>
</kw>
<kw name="Evaluate" owner="BuiltIn">
<msg time="2026-03-04T17:13:46.259584" level="INFO">${calculated} = 372.0</msg>
<var>${calculated}</var>
<arg>${quantity} * ${unitprice} + ${vat}</arg>
<doc>Evaluates the given expression in Python and returns the result.</doc>
<status status="PASS" start="2026-03-04T17:13:46.259584" elapsed="0.000000"/>
</kw>
<kw name="Evaluate" owner="BuiltIn">
<msg time="2026-03-04T17:13:46.259584" level="INFO">${diffRow} = 0.0</msg>
<var>${diffRow}</var>
<arg>abs(${calculated} - ${rowTotal})</arg>
<doc>Evaluates the given expression in Python and returns the result.</doc>
<status status="PASS" start="2026-03-04T17:13:46.259584" elapsed="0.000000"/>
</kw>
<if>
<branch type="IF" condition="${diffRow} &gt; 0.01">
<kw name="Set Variable" owner="BuiltIn">
<var>${status}</var>
<arg>${False}</arg>
<doc>Returns the given values which can then be assigned to a variables.</doc>
<status status="NOT RUN" start="2026-03-04T17:13:46.259584" elapsed="0.000000"/>
</kw>
<status status="NOT RUN" start="2026-03-04T17:13:46.259584" elapsed="0.000000"/>
</branch>
<status status="PASS" start="2026-03-04T17:13:46.259584" elapsed="0.000000"/>
</if>
<kw name="Evaluate" owner="BuiltIn">
<msg time="2026-03-04T17:13:46.259584" level="INFO">${totalRowsAmount} = 2046.0</msg>
<var>${totalRowsAmount}</var>
<arg>${totalRowsAmount} + ${rowTotal}</arg>
<doc>Evaluates the given expression in Python and returns the result.</doc>
<status status="PASS" start="2026-03-04T17:13:46.259584" elapsed="0.000000"/>
</kw>
<var name="${element}">['153143', '3', 'Cleaning Services', '5', 'h', '60', '24', '72', '372']</var>
<status status="PASS" start="2026-03-04T17:13:46.254090" elapsed="0.005494"/>
</iter>
<iter>
<kw name="Convert To Number" owner="BuiltIn">
<msg time="2026-03-04T17:13:46.259584" level="INFO">${quantity} = 10.0</msg>
<var>${quantity}</var>
<arg>${element[3]}</arg>
<doc>Converts the given item to a floating point number.</doc>
<status status="PASS" start="2026-03-04T17:13:46.259584" elapsed="0.000000"/>
</kw>
<kw name="Convert To Number" owner="BuiltIn">
<msg time="2026-03-04T17:13:46.259584" level="INFO">${unitprice} = 105.0</msg>
<var>${unitprice}</var>
<arg>${element[5]}</arg>
<doc>Converts the given item to a floating point number.</doc>
<status status="PASS" start="2026-03-04T17:13:46.259584" elapsed="0.000000"/>
</kw>
<kw name="Convert To Number" owner="BuiltIn">
<msg time="2026-03-04T17:13:46.266554" level="INFO">${vat} = 252.0</msg>
<var>${vat}</var>
<arg>${element[7]}</arg>
<doc>Converts the given item to a floating point number.</doc>
<status status="PASS" start="2026-03-04T17:13:46.259584" elapsed="0.006970"/>
</kw>
<kw name="Convert To Number" owner="BuiltIn">
<msg time="2026-03-04T17:13:46.267609" level="INFO">${rowTotal} = 1302.0</msg>
<var>${rowTotal}</var>
<arg>${element[8]}</arg>
<doc>Converts the given item to a floating point number.</doc>
<status status="PASS" start="2026-03-04T17:13:46.266554" elapsed="0.001055"/>
</kw>
<kw name="Evaluate" owner="BuiltIn">
<msg time="2026-03-04T17:13:46.268747" level="INFO">${calculated} = 1302.0</msg>
<var>${calculated}</var>
<arg>${quantity} * ${unitprice} + ${vat}</arg>
<doc>Evaluates the given expression in Python and returns the result.</doc>
<status status="PASS" start="2026-03-04T17:13:46.267609" elapsed="0.001138"/>
</kw>
<kw name="Evaluate" owner="BuiltIn">
<msg time="2026-03-04T17:13:46.268747" level="INFO">${diffRow} = 0.0</msg>
<var>${diffRow}</var>
<arg>abs(${calculated} - ${rowTotal})</arg>
<doc>Evaluates the given expression in Python and returns the result.</doc>
<status status="PASS" start="2026-03-04T17:13:46.268747" elapsed="0.000000"/>
</kw>
<if>
<branch type="IF" condition="${diffRow} &gt; 0.01">
<kw name="Set Variable" owner="BuiltIn">
<var>${status}</var>
<arg>${False}</arg>
<doc>Returns the given values which can then be assigned to a variables.</doc>
<status status="NOT RUN" start="2026-03-04T17:13:46.269940" elapsed="0.000000"/>
</kw>
<status status="NOT RUN" start="2026-03-04T17:13:46.268747" elapsed="0.001193"/>
</branch>
<status status="PASS" start="2026-03-04T17:13:46.268747" elapsed="0.001193"/>
</if>
<kw name="Evaluate" owner="BuiltIn">
<msg time="2026-03-04T17:13:46.269940" level="INFO">${totalRowsAmount} = 3348.0</msg>
<var>${totalRowsAmount}</var>
<arg>${totalRowsAmount} + ${rowTotal}</arg>
<doc>Evaluates the given expression in Python and returns the result.</doc>
<status status="PASS" start="2026-03-04T17:13:46.269940" elapsed="0.001202"/>
</kw>
<var name="${element}">['153143', '4', 'Cleaning Wipes', '10', 'kpl', '105', '24', '252', '1302']</var>
<status status="PASS" start="2026-03-04T17:13:46.259584" elapsed="0.011558"/>
</iter>
<var>${element}</var>
<value>@{invoiceRows}</value>
<status status="PASS" start="2026-03-04T17:13:46.226547" elapsed="0.044595"/>
</for>
<kw name="Convert To Number" owner="BuiltIn">
<msg time="2026-03-04T17:13:46.272306" level="INFO">${totalSumFromHeader} = 3348.0</msg>
<var>${totalSumFromHeader}</var>
<arg>${totalSumFromHeader}</arg>
<doc>Converts the given item to a floating point number.</doc>
<status status="PASS" start="2026-03-04T17:13:46.271142" elapsed="0.001164"/>
</kw>
<kw name="Evaluate" owner="BuiltIn">
<msg time="2026-03-04T17:13:46.272306" level="INFO">${diffHeader} = 0.0</msg>
<var>${diffHeader}</var>
<arg>abs(${totalSumFromHeader} - ${totalRowsAmount})</arg>
<doc>Evaluates the given expression in Python and returns the result.</doc>
<status status="PASS" start="2026-03-04T17:13:46.272306" elapsed="0.001008"/>
</kw>
<if>
<branch type="IF" condition="${diffHeader} &gt; 0.01">
<kw name="Set Variable" owner="BuiltIn">
<var>${status}</var>
<arg>${False}</arg>
<doc>Returns the given values which can then be assigned to a variables.</doc>
<status status="NOT RUN" start="2026-03-04T17:13:46.273314" elapsed="0.000000"/>
</kw>
<status status="NOT RUN" start="2026-03-04T17:13:46.273314" elapsed="0.000000"/>
</branch>
<status status="PASS" start="2026-03-04T17:13:46.273314" elapsed="0.000875"/>
</if>
<return>
<value>${status}</value>
<status status="PASS" start="2026-03-04T17:13:46.274189" elapsed="0.000000"/>
</return>
<msg time="2026-03-04T17:13:46.274189" level="INFO">${sumResult} = True</msg>
<var>${sumResult}</var>
<arg>${items[9]}</arg>
<arg>${rows}</arg>
<status status="PASS" start="2026-03-04T17:13:46.226547" elapsed="0.047642"/>
</kw>
<if>
<branch type="IF" condition="not ${sumResult}">
<kw name="Set Variable" owner="BuiltIn">
<var>${statusOfInvoice}</var>
<arg>3</arg>
<doc>Returns the given values which can then be assigned to a variables.</doc>
<status status="NOT RUN" start="2026-03-04T17:13:46.274189" elapsed="0.000000"/>
</kw>
<kw name="Set Variable" owner="BuiltIn">
<var>${commentOfInvoice}</var>
<arg>Amount difference</arg>
<doc>Returns the given values which can then be assigned to a variables.</doc>
<status status="NOT RUN" start="2026-03-04T17:13:46.274189" elapsed="0.000000"/>
</kw>
<status status="NOT RUN" start="2026-03-04T17:13:46.274189" elapsed="0.000000"/>
</branch>
<status status="PASS" start="2026-03-04T17:13:46.274189" elapsed="0.000000"/>
</if>
<kw name="Catenate" owner="BuiltIn">
<msg time="2026-03-04T17:13:46.274189" level="INFO">${insertStmt} = insert into invoiceheader(invoicenumber, companyname, companycode, referencenumber,invoicedate, duedate, bankaccountnumber,amountexclvat, vat, totalamount, invoicestatus_id, comments)values('153143', ...</msg>
<var>${insertStmt}</var>
<arg>SEPARATOR=</arg>
<arg>insert into invoiceheader</arg>
<arg>(invoicenumber, companyname, companycode, referencenumber,</arg>
<arg>invoicedate, duedate, bankaccountnumber,</arg>
<arg>amountexclvat, vat, totalamount, invoicestatus_id, comments)</arg>
<arg>values</arg>
<arg>('${items[0]}', '${items[1]}', '${items[5]}', '${items[2]}',</arg>
<arg>'${invoiceDate}', '${dueDate}', '${items[6]}',</arg>
<arg>'${items[7]}', '${items[8]}', '${items[9]}',</arg>
<arg>'${statusOfInvoice}', '${commentOfInvoice}');</arg>
<doc>Catenates the given items together and returns the resulted string.</doc>
<status status="PASS" start="2026-03-04T17:13:46.274189" elapsed="0.000000"/>
</kw>
<kw name="Execute Sql String" owner="DatabaseLibrary">
<msg time="2026-03-04T17:13:46.274189" level="INFO" html="true">Executing sql:&lt;br&gt;&lt;code style="font-weight: bold;"&gt;insert into invoiceheader(invoicenumber, companyname, companycode, referencenumber,invoicedate, duedate, bankaccountnumber,amountexclvat, vat, totalamount, invoicestatus_id, comments)values('153143', 'Service Provider Oy', '1234567-8', '1531439','2022-12-15', '2021-04-01', 'FI12 3456 7890 1234 56','2700', '648', '3348','2', 'IBAN number error');&lt;/code&gt;</msg>
<msg time="2026-03-04T17:13:46.274189" level="INFO">Commit the transaction</msg>
<arg>${insertStmt}</arg>
<doc>Executes the ``sql_string`` as a single SQL command.</doc>
<status status="PASS" start="2026-03-04T17:13:46.274189" elapsed="0.008973"/>
</kw>
<arg>${cleanHeaderItems}</arg>
<arg>${ListToDB}</arg>
<status status="PASS" start="2026-03-04T17:13:46.224513" elapsed="0.058649"/>
</kw>
<for flavor="IN">
<iter>
<kw name="Add Invoice Row To DB">
<kw name="Catenate" owner="BuiltIn">
<msg time="2026-03-04T17:13:46.291193" level="INFO">${insertStmt} = insert into invoicerow(invoicenumber, rownumber, description, quantity,unit, unitprice, vatpercent, vat, total, InvoiceHeader_invoicenumber)values('153143', '1', 'Installation Services','5', 'h', '60'...</msg>
<var>${insertStmt}</var>
<arg>SEPARATOR=</arg>
<arg>insert into invoicerow</arg>
<arg>(invoicenumber, rownumber, description, quantity,</arg>
<arg>unit, unitprice, vatpercent, vat, total, InvoiceHeader_invoicenumber)</arg>
<arg>values</arg>
<arg>('${items[0]}', '${items[1]}', '${items[2]}',</arg>
<arg>'${items[3]}', '${items[4]}', '${items[5]}',</arg>
<arg>'${items[6]}', '${items[7]}', '${items[8]}', '${items[0]}');</arg>
<doc>Catenates the given items together and returns the resulted string.</doc>
<status status="PASS" start="2026-03-04T17:13:46.285921" elapsed="0.005272"/>
</kw>
<kw name="Execute Sql String" owner="DatabaseLibrary">
<msg time="2026-03-04T17:13:46.291193" level="INFO" html="true">Executing sql:&lt;br&gt;&lt;code style="font-weight: bold;"&gt;insert into invoicerow(invoicenumber, rownumber, description, quantity,unit, unitprice, vatpercent, vat, total, InvoiceHeader_invoicenumber)values('153143', '1', 'Installation Services','5', 'h', '60','24', '72', '372', '153143');&lt;/code&gt;</msg>
<msg time="2026-03-04T17:13:46.293339" level="INFO">Commit the transaction</msg>
<arg>${insertStmt}</arg>
<doc>Executes the ``sql_string`` as a single SQL command.</doc>
<status status="PASS" start="2026-03-04T17:13:46.291193" elapsed="0.004407"/>
</kw>
<arg>${rowElement}</arg>
<status status="PASS" start="2026-03-04T17:13:46.283162" elapsed="0.012438"/>
</kw>
<var name="${rowElement}">['153143', '1', 'Installation Services', '5', 'h', '60', '24', '72', '372']</var>
<status status="PASS" start="2026-03-04T17:13:46.283162" elapsed="0.012438"/>
</iter>
<iter>
<kw name="Add Invoice Row To DB">
<kw name="Catenate" owner="BuiltIn">
<msg time="2026-03-04T17:13:46.303057" level="INFO">${insertStmt} = insert into invoicerow(invoicenumber, rownumber, description, quantity,unit, unitprice, vatpercent, vat, total, InvoiceHeader_invoicenumber)values('153143', '2', 'Replacement Products','10', 'kpl', '1...</msg>
<var>${insertStmt}</var>
<arg>SEPARATOR=</arg>
<arg>insert into invoicerow</arg>
<arg>(invoicenumber, rownumber, description, quantity,</arg>
<arg>unit, unitprice, vatpercent, vat, total, InvoiceHeader_invoicenumber)</arg>
<arg>values</arg>
<arg>('${items[0]}', '${items[1]}', '${items[2]}',</arg>
<arg>'${items[3]}', '${items[4]}', '${items[5]}',</arg>
<arg>'${items[6]}', '${items[7]}', '${items[8]}', '${items[0]}');</arg>
<doc>Catenates the given items together and returns the resulted string.</doc>
<status status="PASS" start="2026-03-04T17:13:46.295600" elapsed="0.007457"/>
</kw>
<kw name="Execute Sql String" owner="DatabaseLibrary">
<msg time="2026-03-04T17:13:46.305068" level="INFO" html="true">Executing sql:&lt;br&gt;&lt;code style="font-weight: bold;"&gt;insert into invoicerow(invoicenumber, rownumber, description, quantity,unit, unitprice, vatpercent, vat, total, InvoiceHeader_invoicenumber)values('153143', '2', 'Replacement Products','10', 'kpl', '105','24', '252', '1302', '153143');&lt;/code&gt;</msg>
<msg time="2026-03-04T17:13:46.306809" level="INFO">Commit the transaction</msg>
<arg>${insertStmt}</arg>
<doc>Executes the ``sql_string`` as a single SQL command.</doc>
<status status="PASS" start="2026-03-04T17:13:46.303057" elapsed="0.004666"/>
</kw>
<arg>${rowElement}</arg>
<status status="PASS" start="2026-03-04T17:13:46.295600" elapsed="0.012123"/>
</kw>
<var name="${rowElement}">['153143', '2', 'Replacement Products', '10', 'kpl', '105', '24', '252', '1302']</var>
<status status="PASS" start="2026-03-04T17:13:46.295600" elapsed="0.012123"/>
</iter>
<iter>
<kw name="Add Invoice Row To DB">
<kw name="Catenate" owner="BuiltIn">
<msg time="2026-03-04T17:13:46.314467" level="INFO">${insertStmt} = insert into invoicerow(invoicenumber, rownumber, description, quantity,unit, unitprice, vatpercent, vat, total, InvoiceHeader_invoicenumber)values('153143', '3', 'Cleaning Services','5', 'h', '60','24...</msg>
<var>${insertStmt}</var>
<arg>SEPARATOR=</arg>
<arg>insert into invoicerow</arg>
<arg>(invoicenumber, rownumber, description, quantity,</arg>
<arg>unit, unitprice, vatpercent, vat, total, InvoiceHeader_invoicenumber)</arg>
<arg>values</arg>
<arg>('${items[0]}', '${items[1]}', '${items[2]}',</arg>
<arg>'${items[3]}', '${items[4]}', '${items[5]}',</arg>
<arg>'${items[6]}', '${items[7]}', '${items[8]}', '${items[0]}');</arg>
<doc>Catenates the given items together and returns the resulted string.</doc>
<status status="PASS" start="2026-03-04T17:13:46.307723" elapsed="0.006744"/>
</kw>
<kw name="Execute Sql String" owner="DatabaseLibrary">
<msg time="2026-03-04T17:13:46.317089" level="INFO" html="true">Executing sql:&lt;br&gt;&lt;code style="font-weight: bold;"&gt;insert into invoicerow(invoicenumber, rownumber, description, quantity,unit, unitprice, vatpercent, vat, total, InvoiceHeader_invoicenumber)values('153143', '3', 'Cleaning Services','5', 'h', '60','24', '72', '372', '153143');&lt;/code&gt;</msg>
<msg time="2026-03-04T17:13:46.318624" level="INFO">Commit the transaction</msg>
<arg>${insertStmt}</arg>
<doc>Executes the ``sql_string`` as a single SQL command.</doc>
<status status="PASS" start="2026-03-04T17:13:46.317089" elapsed="0.001535"/>
</kw>
<arg>${rowElement}</arg>
<status status="PASS" start="2026-03-04T17:13:46.307723" elapsed="0.013367"/>
</kw>
<var name="${rowElement}">['153143', '3', 'Cleaning Services', '5', 'h', '60', '24', '72', '372']</var>
<status status="PASS" start="2026-03-04T17:13:46.307723" elapsed="0.013367"/>
</iter>
<iter>
<kw name="Add Invoice Row To DB">
<kw name="Catenate" owner="BuiltIn">
<msg time="2026-03-04T17:13:46.328650" level="INFO">${insertStmt} = insert into invoicerow(invoicenumber, rownumber, description, quantity,unit, unitprice, vatpercent, vat, total, InvoiceHeader_invoicenumber)values('153143', '4', 'Cleaning Wipes','10', 'kpl', '105','2...</msg>
<var>${insertStmt}</var>
<arg>SEPARATOR=</arg>
<arg>insert into invoicerow</arg>
<arg>(invoicenumber, rownumber, description, quantity,</arg>
<arg>unit, unitprice, vatpercent, vat, total, InvoiceHeader_invoicenumber)</arg>
<arg>values</arg>
<arg>('${items[0]}', '${items[1]}', '${items[2]}',</arg>
<arg>'${items[3]}', '${items[4]}', '${items[5]}',</arg>
<arg>'${items[6]}', '${items[7]}', '${items[8]}', '${items[0]}');</arg>
<doc>Catenates the given items together and returns the resulted string.</doc>
<status status="PASS" start="2026-03-04T17:13:46.321090" elapsed="0.007560"/>
</kw>
<kw name="Execute Sql String" owner="DatabaseLibrary">
<msg time="2026-03-04T17:13:46.329768" level="INFO" html="true">Executing sql:&lt;br&gt;&lt;code style="font-weight: bold;"&gt;insert into invoicerow(invoicenumber, rownumber, description, quantity,unit, unitprice, vatpercent, vat, total, InvoiceHeader_invoicenumber)values('153143', '4', 'Cleaning Wipes','10', 'kpl', '105','24', '252', '1302', '153143');&lt;/code&gt;</msg>
<msg time="2026-03-04T17:13:46.330915" level="INFO">Commit the transaction</msg>
<arg>${insertStmt}</arg>
<doc>Executes the ``sql_string`` as a single SQL command.</doc>
<status status="PASS" start="2026-03-04T17:13:46.329768" elapsed="0.003659"/>
</kw>
<arg>${rowElement}</arg>
<status status="PASS" start="2026-03-04T17:13:46.321090" elapsed="0.012337"/>
</kw>
<var name="${rowElement}">['153143', '4', 'Cleaning Wipes', '10', 'kpl', '105', '24', '252', '1302']</var>
<status status="PASS" start="2026-03-04T17:13:46.321090" elapsed="0.012337"/>
</iter>
<var>${rowElement}</var>
<value>@{ListToDB}</value>
<status status="PASS" start="2026-03-04T17:13:46.283162" elapsed="0.050265"/>
</for>
<status status="PASS" start="2026-03-04T17:13:46.209126" elapsed="0.124301"/>
</branch>
<status status="PASS" start="2026-03-04T17:13:46.209126" elapsed="0.125693"/>
</if>
<var name="${headerElement}">153143,Service Provider Oy,1531439,15.12.2022,01.04.2021,1234567-8,FI12 3456 7890 1234 56,2700,648,3348</var>
<status status="PASS" start="2026-03-04T17:13:46.195751" elapsed="0.139068"/>
</iter>
<var>${headerElement}</var>
<value>@{headers}</value>
<status status="PASS" start="2026-03-04T17:13:46.157450" elapsed="0.177369"/>
</for>
<status status="PASS" start="2026-03-04T17:13:46.157450" elapsed="0.177369"/>
</branch>
<status status="PASS" start="2026-03-04T17:13:46.157450" elapsed="0.177369"/>
</if>
<kw name="Disconnect From Database" owner="DatabaseLibrary">
<doc>Disconnects from the database.</doc>
<status status="PASS" start="2026-03-04T17:13:46.334819" elapsed="0.000000"/>
</kw>
<status status="PASS" start="2026-03-04T17:13:45.423315" elapsed="0.911504"/>
</test>
<status status="PASS" start="2026-03-04T17:13:45.043618" elapsed="1.303371"/>
</suite>
<statistics>
<total>
<stat pass="3" fail="0" skip="0">All Tests</stat>
</total>
<tag>
</tag>
<suite>
<stat name="RF Project" id="s1" pass="3" fail="0" skip="0">RF Project</stat>
</suite>
</statistics>
<errors>
</errors>
</robot>
